0 verbose cli C:\Program Files\nodejs\node.exe C:\Users\pmdin\AppData\Roaming\npm\node_modules\npm\bin\npm-cli.js
1 info using npm@11.6.1
2 info using node@v22.19.0
3 silly config load:file:C:\Users\pmdin\AppData\Roaming\npm\node_modules\npm\npmrc
4 silly config load:file:C:\Practice\Prod\frontend\.npmrc
5 silly config load:file:C:\Users\pmdin\.npmrc
6 silly config load:file:C:\Users\pmdin\AppData\Roaming\npm\etc\npmrc
7 verbose title npm install vitest @testing-library/react @testing-library/jest-dom jsdom @vitejs/plugin-react
8 verbose argv "install" "--save-dev" "vitest" "@testing-library/react" "@testing-library/jest-dom" "jsdom" "@vitejs/plugin-react" "--legacy-peer-deps"
9 verbose logfile logs-max:10 dir:C:\Practice\Prod\frontend\UserspmdinAppDataRoamingnpm\_logs\2026-03-05T05_31_50_755Z-
10 verbose logfile C:\Practice\Prod\frontend\UserspmdinAppDataRoamingnpm\_logs\2026-03-05T05_31_50_755Z-debug-0.log
11 silly logfile done cleaning log files
12 silly packumentCache heap:2197815296 maxSize:549453824 maxEntrySize:274726912
13 silly idealTree buildDeps
14 silly fetch manifest vitest@*
15 silly packumentCache full:https://registry.npmjs.org/vitest cache-miss
16 http fetch GET 200 https://registry.npmjs.org/vitest 1621ms (cache miss)
17 silly fetch manifest @testing-library/react@*
18 silly packumentCache full:https://registry.npmjs.org/@testing-library%2freact cache-miss
19 http fetch GET 200 https://registry.npmjs.org/@testing-library%2freact 258ms (cache miss)
20 silly packumentCache full:https://registry.npmjs.org/@testing-library%2freact set size:undefined disposed:false
21 silly fetch manifest @testing-library/jest-dom@*
22 silly packumentCache full:https://registry.npmjs.org/@testing-library%2fjest-dom cache-miss
23 http fetch GET 200 https://registry.npmjs.org/@testing-library%2fjest-dom 245ms (cache miss)
24 silly packumentCache full:https://registry.npmjs.org/@testing-library%2fjest-dom set size:undefined disposed:false
25 silly fetch manifest jsdom@*
26 silly packumentCache full:https://registry.npmjs.org/jsdom cache-miss
27 http fetch GET 200 https://registry.npmjs.org/jsdom 96ms (cache miss)
28 silly packumentCache full:https://registry.npmjs.org/jsdom set size:undefined disposed:false
29 silly fetch manifest @vitejs/plugin-react@*
30 silly packumentCache full:https://registry.npmjs.org/@vitejs%2fplugin-react cache-miss
31 http fetch GET 200 https://registry.npmjs.org/@vitejs%2fplugin-react 353ms (cache miss)
32 silly packumentCache full:https://registry.npmjs.org/@vitejs%2fplugin-react set size:undefined disposed:false
33 silly placeDep ROOT @testing-library/jest-dom@6.9.1 OK for: frontend@0.1.0 want: *
34 silly placeDep ROOT @testing-library/react@16.3.2 OK for: frontend@0.1.0 want: *
35 silly placeDep ROOT @vitejs/plugin-react@5.1.4 OK for: frontend@0.1.0 want: *
36 silly placeDep ROOT jsdom@28.1.0 OK for: frontend@0.1.0 want: *
37 silly placeDep ROOT vitest@ OK for: frontend@0.1.0 want: *
38 silly fetch manifest redent@^3.0.0
39 silly packumentCache full:https://registry.npmjs.org/redent cache-miss
40 silly fetch manifest css.escape@^1.5.1
41 silly packumentCache full:https://registry.npmjs.org/css.escape cache-miss
42 silly fetch manifest @adobe/css-tools@^4.4.0
43 silly packumentCache full:https://registry.npmjs.org/@adobe%2fcss-tools cache-miss
44 silly fetch manifest dom-accessibility-api@^0.6.3
45 silly packumentCache full:https://registry.npmjs.org/dom-accessibility-api cache-miss
46 silly fetch manifest @babel/runtime@^7.12.5
47 silly packumentCache full:https://registry.npmjs.org/@babel%2fruntime cache-miss
48 silly fetch manifest react-refresh@^0.18.0
49 silly packumentCache full:https://registry.npmjs.org/react-refresh cache-miss
50 silly fetch manifest @types/babel__core@^7.20.5
51 silly packumentCache full:https://registry.npmjs.org/@types%2fbabel__core cache-miss
52 http fetch GET 200 https://registry.npmjs.org/redent 571ms (cache miss)
53 silly packumentCache full:https://registry.npmjs.org/redent set size:undefined disposed:false
54 silly fetch manifest @rolldown/pluginutils@1.0.0-rc.3
55 silly packumentCache full:https://registry.npmjs.org/@rolldown%2fpluginutils cache-miss
56 http fetch GET 200 https://registry.npmjs.org/css.escape 618ms (cache miss)
57 silly packumentCache full:https://registry.npmjs.org/css.escape set size:undefined disposed:false
58 silly fetch manifest @babel/plugin-transform-react-jsx-self@^7.27.1
59 silly packumentCache full:https://registry.npmjs.org/@babel%2fplugin-transform-react-jsx-self cache-miss
60 http fetch GET 200 https://registry.npmjs.org/@types%2fbabel__core 670ms (cache miss)
61 silly packumentCache full:https://registry.npmjs.org/@types%2fbabel__core set size:undefined disposed:false
62 silly fetch manifest @babel/plugin-transform-react-jsx-source@^7.27.1
63 silly packumentCache full:https://registry.npmjs.org/@babel%2fplugin-transform-react-jsx-source cache-miss
64 http fetch GET 200 https://registry.npmjs.org/dom-accessibility-api 714ms (cache miss)
65 silly packumentCache full:https://registry.npmjs.org/dom-accessibility-api set size:undefined disposed:false
66 silly fetch manifest @acemir/cssom@^0.9.31
67 silly packumentCache full:https://registry.npmjs.org/@acemir%2fcssom cache-miss
68 http fetch GET 200 https://registry.npmjs.org/@adobe%2fcss-tools 736ms (cache miss)
69 silly packumentCache full:https://registry.npmjs.org/@adobe%2fcss-tools set size:undefined disposed:false
70 silly fetch manifest @asamuzakjp/dom-selector@^6.8.1
71 silly packumentCache full:https://registry.npmjs.org/@asamuzakjp%2fdom-selector cache-miss
72 http fetch GET 200 https://registry.npmjs.org/@rolldown%2fpluginutils 281ms (cache miss)
73 silly packumentCache full:https://registry.npmjs.org/@rolldown%2fpluginutils set size:undefined disposed:false
74 silly fetch manifest @bramus/specificity@^2.4.2
75 silly packumentCache full:https://registry.npmjs.org/@bramus%2fspecificity cache-miss
76 http fetch GET 200 https://registry.npmjs.org/@babel%2fplugin-transform-react-jsx-source 198ms (cache miss)
77 silly packumentCache full:https://registry.npmjs.org/@babel%2fplugin-transform-react-jsx-source set size:undefined disposed:false
78 silly fetch manifest @exodus/bytes@^1.11.0
79 silly packumentCache full:https://registry.npmjs.org/@exodus%2fbytes cache-miss
80 http fetch GET 200 https://registry.npmjs.org/@babel%2fplugin-transform-react-jsx-self 293ms (cache miss)
81 silly packumentCache full:https://registry.npmjs.org/@babel%2fplugin-transform-react-jsx-self set size:undefined disposed:false
82 silly fetch manifest cssstyle@^6.0.1
83 silly packumentCache full:https://registry.npmjs.org/cssstyle cache-miss
84 http fetch GET 200 https://registry.npmjs.org/@babel%2fruntime 1027ms (cache miss)
85 silly packumentCache full:https://registry.npmjs.org/@babel%2fruntime set size:undefined disposed:false
86 silly fetch manifest data-urls@^7.0.0
87 silly packumentCache full:https://registry.npmjs.org/data-urls cache-miss
88 http fetch GET 200 https://registry.npmjs.org/react-refresh 1180ms (cache miss)
89 silly packumentCache full:https://registry.npmjs.org/react-refresh set size:undefined disposed:false
90 silly fetch manifest decimal.js@^10.6.0
91 silly packumentCache full:https://registry.npmjs.org/decimal.js cache-miss
92 http fetch GET 200 https://registry.npmjs.org/data-urls 295ms (cache miss)
93 silly packumentCache full:https://registry.npmjs.org/data-urls set size:undefined disposed:false
94 silly fetch manifest html-encoding-sniffer@^6.0.0
95 silly packumentCache full:https://registry.npmjs.org/html-encoding-sniffer cache-miss
96 http fetch GET 200 https://registry.npmjs.org/@acemir%2fcssom 725ms (cache miss)
97 silly packumentCache full:https://registry.npmjs.org/@acemir%2fcssom set size:undefined disposed:false
98 silly fetch manifest http-proxy-agent@^7.0.2
99 silly packumentCache full:https://registry.npmjs.org/http-proxy-agent cache-miss
100 http fetch GET 200 https://registry.npmjs.org/@bramus%2fspecificity 627ms (cache miss)
101 silly packumentCache full:https://registry.npmjs.org/@bramus%2fspecificity set size:undefined disposed:false
102 silly fetch manifest https-proxy-agent@^7.0.6
103 silly packumentCache full:https://registry.npmjs.org/https-proxy-agent cache-miss
104 http fetch GET 200 https://registry.npmjs.org/cssstyle 592ms (cache miss)
105 silly packumentCache full:https://registry.npmjs.org/cssstyle set size:undefined disposed:false
106 silly fetch manifest is-potential-custom-element-name@^1.0.1
107 silly packumentCache full:https://registry.npmjs.org/is-potential-custom-element-name cache-miss
108 http fetch GET 200 https://registry.npmjs.org/decimal.js 209ms (cache miss)
109 silly packumentCache full:https://registry.npmjs.org/decimal.js set size:undefined disposed:false
110 silly fetch manifest parse5@^8.0.0
111 silly packumentCache full:https://registry.npmjs.org/parse5 cache-miss
112 http fetch GET 200 https://registry.npmjs.org/html-encoding-sniffer 143ms (cache miss)
113 silly packumentCache full:https://registry.npmjs.org/html-encoding-sniffer set size:undefined disposed:false
114 silly fetch manifest saxes@^6.0.0
115 silly packumentCache full:https://registry.npmjs.org/saxes cache-miss
116 http fetch GET 200 https://registry.npmjs.org/@exodus%2fbytes 657ms (cache miss)
117 silly packumentCache full:https://registry.npmjs.org/@exodus%2fbytes set size:undefined disposed:false
118 silly fetch manifest symbol-tree@^3.2.4
119 silly packumentCache full:https://registry.npmjs.org/symbol-tree cache-miss
120 http fetch GET 200 https://registry.npmjs.org/is-potential-custom-element-name 68ms (cache miss)
121 silly packumentCache full:https://registry.npmjs.org/is-potential-custom-element-name set size:undefined disposed:false
122 silly fetch manifest tough-cookie@^6.0.0
123 silly packumentCache full:https://registry.npmjs.org/tough-cookie cache-miss
124 http fetch GET 200 https://registry.npmjs.org/https-proxy-agent 163ms (cache miss)
125 silly packumentCache full:https://registry.npmjs.org/https-proxy-agent set size:undefined disposed:false
126 silly fetch manifest undici@^7.21.0
127 silly packumentCache full:https://registry.npmjs.org/undici cache-miss
128 http fetch GET 200 https://registry.npmjs.org/symbol-tree 139ms (cache miss)
129 silly packumentCache full:https://registry.npmjs.org/symbol-tree set size:undefined disposed:false
130 silly fetch manifest w3c-xmlserializer@^5.0.0
131 silly packumentCache full:https://registry.npmjs.org/w3c-xmlserializer cache-miss
132 http fetch GET 200 https://registry.npmjs.org/saxes 176ms (cache miss)
133 silly packumentCache full:https://registry.npmjs.org/saxes set size:undefined disposed:false
134 silly fetch manifest webidl-conversions@^8.0.1
135 silly packumentCache full:https://registry.npmjs.org/webidl-conversions cache-miss
136 http fetch GET 200 https://registry.npmjs.org/@asamuzakjp%2fdom-selector 1049ms (cache miss)
137 silly packumentCache full:https://registry.npmjs.org/@asamuzakjp%2fdom-selector set size:undefined disposed:false
138 silly fetch manifest whatwg-mimetype@^5.0.0
139 silly packumentCache full:https://registry.npmjs.org/whatwg-mimetype cache-miss
140 http fetch GET 200 https://registry.npmjs.org/tough-cookie 241ms (cache miss)
141 silly packumentCache full:https://registry.npmjs.org/tough-cookie set size:undefined disposed:false
142 silly fetch manifest whatwg-url@^16.0.0
143 silly packumentCache full:https://registry.npmjs.org/whatwg-url cache-miss
144 http fetch GET 200 https://registry.npmjs.org/w3c-xmlserializer 168ms (cache miss)
145 silly packumentCache full:https://registry.npmjs.org/w3c-xmlserializer set size:undefined disposed:false
146 silly fetch manifest xml-name-validator@^5.0.0
147 silly packumentCache full:https://registry.npmjs.org/xml-name-validator cache-miss
148 http fetch GET 200 https://registry.npmjs.org/parse5 406ms (cache miss)
149 silly packumentCache full:https://registry.npmjs.org/parse5 set size:undefined disposed:false
150 http fetch GET 200 https://registry.npmjs.org/whatwg-mimetype 131ms (cache miss)
151 silly packumentCache full:https://registry.npmjs.org/whatwg-mimetype set size:undefined disposed:false
152 http fetch GET 200 https://registry.npmjs.org/whatwg-url 126ms (cache miss)
153 silly packumentCache full:https://registry.npmjs.org/whatwg-url set size:undefined disposed:false
154 http fetch GET 200 https://registry.npmjs.org/xml-name-validator 101ms (cache miss)
155 silly packumentCache full:https://registry.npmjs.org/xml-name-validator set size:undefined disposed:false
156 http fetch GET 200 https://registry.npmjs.org/webidl-conversions 388ms (cache miss)
157 silly packumentCache full:https://registry.npmjs.org/webidl-conversions set size:undefined disposed:false
158 http fetch GET 200 https://registry.npmjs.org/undici 482ms (cache miss)
159 silly packumentCache full:https://registry.npmjs.org/undici set size:undefined disposed:false
160 http fetch GET 200 https://registry.npmjs.org/http-proxy-agent 842ms (cache miss)
161 silly packumentCache full:https://registry.npmjs.org/http-proxy-agent set size:undefined disposed:false
162 silly placeDep ROOT @adobe/css-tools@4.4.4 OK for: @testing-library/jest-dom@6.9.1 want: ^4.4.0
163 silly placeDep ROOT css.escape@1.5.1 OK for: @testing-library/jest-dom@6.9.1 want: ^1.5.1
164 silly placeDep ROOT dom-accessibility-api@0.6.3 OK for: @testing-library/jest-dom@6.9.1 want: ^0.6.3
165 silly placeDep ROOT redent@3.0.0 OK for: @testing-library/jest-dom@6.9.1 want: ^3.0.0
166 silly fetch manifest indent-string@^4.0.0
167 silly packumentCache full:https://registry.npmjs.org/indent-string cache-miss
168 silly fetch manifest strip-indent@^3.0.0
169 silly packumentCache full:https://registry.npmjs.org/strip-indent cache-miss
170 http fetch GET 200 https://registry.npmjs.org/indent-string 466ms (cache miss)
171 silly packumentCache full:https://registry.npmjs.org/indent-string set size:undefined disposed:false
172 http fetch GET 200 https://registry.npmjs.org/strip-indent 561ms (cache miss)
173 silly packumentCache full:https://registry.npmjs.org/strip-indent set size:undefined disposed:false
174 silly placeDep ROOT @babel/runtime@7.28.6 OK for: @testing-library/react@16.3.2 want: ^7.12.5
175 silly placeDep ROOT @babel/plugin-transform-react-jsx-self@7.27.1 OK for: @vitejs/plugin-react@5.1.4 want: ^7.27.1
176 silly placeDep ROOT @babel/plugin-transform-react-jsx-source@7.27.1 OK for: @vitejs/plugin-react@5.1.4 want: ^7.27.1
177 silly placeDep ROOT @rolldown/pluginutils@1.0.0-rc.3 OK for: @vitejs/plugin-react@5.1.4 want: 1.0.0-rc.3
178 silly placeDep ROOT @types/babel__core@7.20.5 OK for: @vitejs/plugin-react@5.1.4 want: ^7.20.5
179 silly placeDep ROOT react-refresh@0.18.0 OK for: @vitejs/plugin-react@5.1.4 want: ^0.18.0
180 silly fetch manifest @babel/helper-plugin-utils@^7.27.1
181 silly packumentCache full:https://registry.npmjs.org/@babel%2fhelper-plugin-utils cache-miss
182 silly fetch manifest @babel/helper-plugin-utils@^7.27.1
183 silly packumentCache full:https://registry.npmjs.org/@babel%2fhelper-plugin-utils cache-miss
184 silly fetch manifest @types/babel__template@*
185 silly packumentCache full:https://registry.npmjs.org/@types%2fbabel__template cache-miss
186 silly fetch manifest @types/babel__traverse@*
187 silly packumentCache full:https://registry.npmjs.org/@types%2fbabel__traverse cache-miss
188 silly fetch manifest @types/babel__generator@*
189 silly packumentCache full:https://registry.npmjs.org/@types%2fbabel__generator cache-miss
190 http fetch GET 200 https://registry.npmjs.org/@types%2fbabel__generator 161ms (cache miss)
191 silly packumentCache full:https://registry.npmjs.org/@types%2fbabel__generator set size:undefined disposed:false
192 http fetch GET 200 https://registry.npmjs.org/@types%2fbabel__template 165ms (cache miss)
193 silly packumentCache full:https://registry.npmjs.org/@types%2fbabel__template set size:undefined disposed:false
194 http fetch GET 200 https://registry.npmjs.org/@babel%2fhelper-plugin-utils 168ms (cache miss)
195 silly packumentCache full:https://registry.npmjs.org/@babel%2fhelper-plugin-utils set size:undefined disposed:false
196 http fetch GET 200 https://registry.npmjs.org/@babel%2fhelper-plugin-utils 180ms (cache miss)
197 silly packumentCache full:https://registry.npmjs.org/@babel%2fhelper-plugin-utils set size:undefined disposed:false
198 http fetch GET 200 https://registry.npmjs.org/@types%2fbabel__traverse 303ms (cache miss)
199 silly packumentCache full:https://registry.npmjs.org/@types%2fbabel__traverse set size:undefined disposed:false
200 silly placeDep ROOT @babel/helper-plugin-utils@7.28.6 OK for: @babel/plugin-transform-react-jsx-self@7.27.1 want: ^7.27.1
201 silly placeDep ROOT @types/babel__generator@7.27.0 OK for: @types/babel__core@7.20.5 want: *
202 silly placeDep ROOT @types/babel__template@7.4.4 OK for: @types/babel__core@7.20.5 want: *
203 silly placeDep ROOT @types/babel__traverse@7.28.0 OK for: @types/babel__core@7.20.5 want: *
204 silly placeDep ROOT @acemir/cssom@0.9.31 OK for: jsdom@28.1.0 want: ^0.9.31
205 silly placeDep ROOT @asamuzakjp/dom-selector@6.8.1 OK for: jsdom@28.1.0 want: ^6.8.1
206 silly placeDep ROOT @bramus/specificity@2.4.2 OK for: jsdom@28.1.0 want: ^2.4.2
207 silly placeDep ROOT @exodus/bytes@1.15.0 OK for: jsdom@28.1.0 want: ^1.11.0
208 silly placeDep ROOT cssstyle@6.2.0 OK for: jsdom@28.1.0 want: ^6.0.1
209 silly placeDep ROOT data-urls@7.0.0 OK for: jsdom@28.1.0 want: ^7.0.0
210 silly placeDep ROOT decimal.js@10.6.0 OK for: jsdom@28.1.0 want: ^10.6.0
211 silly placeDep ROOT html-encoding-sniffer@6.0.0 OK for: jsdom@28.1.0 want: ^6.0.0
212 silly placeDep ROOT http-proxy-agent@7.0.2 OK for: jsdom@28.1.0 want: ^7.0.2
213 silly placeDep ROOT https-proxy-agent@7.0.6 OK for: jsdom@28.1.0 want: ^7.0.6
214 silly placeDep ROOT is-potential-custom-element-name@1.0.1 OK for: jsdom@28.1.0 want: ^1.0.1
215 silly placeDep ROOT parse5@8.0.0 OK for: jsdom@28.1.0 want: ^8.0.0
216 silly placeDep ROOT saxes@6.0.0 OK for: jsdom@28.1.0 want: ^6.0.0
217 silly placeDep ROOT symbol-tree@3.2.4 OK for: jsdom@28.1.0 want: ^3.2.4
218 silly placeDep ROOT tough-cookie@6.0.0 OK for: jsdom@28.1.0 want: ^6.0.0
219 silly placeDep ROOT undici@7.22.0 OK for: jsdom@28.1.0 want: ^7.21.0
220 silly placeDep ROOT w3c-xmlserializer@5.0.0 OK for: jsdom@28.1.0 want: ^5.0.0
221 silly placeDep ROOT webidl-conversions@8.0.1 OK for: jsdom@28.1.0 want: ^8.0.1
222 silly placeDep ROOT whatwg-mimetype@5.0.0 OK for: jsdom@28.1.0 want: ^5.0.0
223 silly placeDep ROOT whatwg-url@16.0.1 OK for: jsdom@28.1.0 want: ^16.0.0
224 silly placeDep ROOT xml-name-validator@5.0.0 OK for: jsdom@28.1.0 want: ^5.0.0
225 silly fetch manifest bidi-js@^1.0.3
226 silly packumentCache full:https://registry.npmjs.org/bidi-js cache-miss
227 silly fetch manifest css-tree@^3.1.0
228 silly packumentCache full:https://registry.npmjs.org/css-tree cache-miss
229 silly fetch manifest lru-cache@^11.2.6
230 silly packumentCache full:https://registry.npmjs.org/lru-cache cache-miss
231 silly fetch manifest @asamuzakjp/nwsapi@^2.3.9
232 silly packumentCache full:https://registry.npmjs.org/@asamuzakjp%2fnwsapi cache-miss
233 silly fetch manifest css-tree@^3.0.0
234 silly packumentCache full:https://registry.npmjs.org/css-tree cache-miss
235 silly fetch manifest @asamuzakjp/css-color@^5.0.1
236 silly packumentCache full:https://registry.npmjs.org/@asamuzakjp%2fcss-color cache-miss
237 silly fetch manifest @csstools/css-syntax-patches-for-csstree@^1.0.28
238 silly packumentCache full:https://registry.npmjs.org/@csstools%2fcss-syntax-patches-for-csstree cache-miss
239 http fetch GET 200 https://registry.npmjs.org/bidi-js 1038ms (cache miss)
240 silly packumentCache full:https://registry.npmjs.org/bidi-js set size:undefined disposed:false
241 silly fetch manifest css-tree@^3.1.0
242 silly packumentCache full:https://registry.npmjs.org/css-tree cache-miss
243 http fetch GET 200 https://registry.npmjs.org/@csstools%2fcss-syntax-patches-for-csstree 1045ms (cache miss)
244 silly packumentCache full:https://registry.npmjs.org/@csstools%2fcss-syntax-patches-for-csstree set size:undefined disposed:false
245 silly fetch manifest lru-cache@^11.2.6
246 silly packumentCache full:https://registry.npmjs.org/lru-cache cache-miss
247 http fetch GET 200 https://registry.npmjs.org/@asamuzakjp%2fcss-color 1067ms (cache miss)
248 silly packumentCache full:https://registry.npmjs.org/@asamuzakjp%2fcss-color set size:undefined disposed:false
249 silly fetch manifest agent-base@^7.1.0
250 silly packumentCache full:https://registry.npmjs.org/agent-base cache-miss
251 http fetch GET 200 https://registry.npmjs.org/@asamuzakjp%2fnwsapi 1090ms (cache miss)
252 silly packumentCache full:https://registry.npmjs.org/@asamuzakjp%2fnwsapi set size:undefined disposed:false
253 silly fetch manifest agent-base@^7.1.2
254 silly packumentCache full:https://registry.npmjs.org/agent-base cache-miss
255 http fetch GET 200 https://registry.npmjs.org/css-tree 1120ms (cache miss)
256 silly packumentCache full:https://registry.npmjs.org/css-tree set size:undefined disposed:false
257 silly fetch manifest entities@^6.0.0
258 silly packumentCache full:https://registry.npmjs.org/entities cache-miss
259 http fetch GET 200 https://registry.npmjs.org/css-tree 1150ms (cache miss)
260 silly packumentCache full:https://registry.npmjs.org/css-tree set size:undefined disposed:false
261 silly fetch manifest xmlchars@^2.2.0
262 silly packumentCache full:https://registry.npmjs.org/xmlchars cache-miss
263 http fetch GET 200 https://registry.npmjs.org/lru-cache 1292ms (cache miss)
264 silly packumentCache full:https://registry.npmjs.org/lru-cache set size:undefined disposed:false
265 silly fetch manifest tldts@^7.0.5
266 silly packumentCache full:https://registry.npmjs.org/tldts cache-miss
267 http fetch GET 200 https://registry.npmjs.org/xmlchars 203ms (cache miss)
268 silly packumentCache full:https://registry.npmjs.org/xmlchars set size:undefined disposed:false
269 silly fetch manifest tr46@^6.0.0
270 silly packumentCache full:https://registry.npmjs.org/tr46 cache-miss
271 http fetch GET 200 https://registry.npmjs.org/agent-base 302ms (cache miss)
272 silly packumentCache full:https://registry.npmjs.org/agent-base set size:undefined disposed:false
273 http fetch GET 200 https://registry.npmjs.org/css-tree 366ms (cache miss)
274 silly packumentCache full:https://registry.npmjs.org/css-tree set size:undefined disposed:false
275 http fetch GET 200 https://registry.npmjs.org/agent-base 315ms (cache miss)
276 silly packumentCache full:https://registry.npmjs.org/agent-base set size:undefined disposed:false
277 http fetch GET 200 https://registry.npmjs.org/lru-cache 414ms (cache miss)
278 silly packumentCache full:https://registry.npmjs.org/lru-cache set size:undefined disposed:false
279 http fetch GET 200 https://registry.npmjs.org/tr46 152ms (cache miss)
280 silly packumentCache full:https://registry.npmjs.org/tr46 set size:undefined disposed:false
281 http fetch GET 200 https://registry.npmjs.org/entities 412ms (cache miss)
282 silly packumentCache full:https://registry.npmjs.org/entities set size:undefined disposed:false
283 http fetch GET 200 https://registry.npmjs.org/tldts 385ms (cache miss)
284 silly packumentCache full:https://registry.npmjs.org/tldts set size:undefined disposed:false
285 silly placeDep ROOT @asamuzakjp/nwsapi@2.3.9 OK for: @asamuzakjp/dom-selector@6.8.1 want: ^2.3.9
286 silly placeDep ROOT bidi-js@1.0.3 OK for: @asamuzakjp/dom-selector@6.8.1 want: ^1.0.3
287 silly placeDep ROOT css-tree@3.2.0 OK for: @asamuzakjp/dom-selector@6.8.1 want: ^3.1.0
288 silly placeDep node_modules/@asamuzakjp/dom-selector lru-cache@11.2.6 OK for: @asamuzakjp/dom-selector@6.8.1 want: ^11.2.6
289 silly fetch manifest require-from-string@^2.0.2
290 silly packumentCache full:https://registry.npmjs.org/require-from-string cache-miss
291 silly fetch manifest mdn-data@2.27.1
292 silly packumentCache full:https://registry.npmjs.org/mdn-data cache-miss
293 http fetch GET 200 https://registry.npmjs.org/require-from-string 87ms (cache miss)
294 silly packumentCache full:https://registry.npmjs.org/require-from-string set size:undefined disposed:false
295 http fetch GET 200 https://registry.npmjs.org/mdn-data 126ms (cache miss)
296 silly packumentCache full:https://registry.npmjs.org/mdn-data set size:undefined disposed:false
297 silly placeDep ROOT require-from-string@2.0.2 OK for: bidi-js@1.0.3 want: ^2.0.2
298 silly placeDep ROOT mdn-data@2.27.1 OK for: css-tree@3.2.0 want: 2.27.1
299 silly placeDep ROOT @asamuzakjp/css-color@5.0.1 OK for: cssstyle@6.2.0 want: ^5.0.1
300 silly placeDep ROOT @csstools/css-syntax-patches-for-csstree@1.0.29 OK for: cssstyle@6.2.0 want: ^1.0.28
301 silly placeDep node_modules/cssstyle lru-cache@11.2.6 OK for: cssstyle@6.2.0 want: ^11.2.6
302 silly fetch manifest @csstools/css-calc@^3.1.1
303 silly packumentCache full:https://registry.npmjs.org/@csstools%2fcss-calc cache-miss
304 silly fetch manifest @csstools/css-color-parser@^4.0.2
305 silly packumentCache full:https://registry.npmjs.org/@csstools%2fcss-color-parser cache-miss
306 silly fetch manifest @csstools/css-parser-algorithms@^4.0.0
307 silly packumentCache full:https://registry.npmjs.org/@csstools%2fcss-parser-algorithms cache-miss
308 silly fetch manifest @csstools/css-tokenizer@^4.0.0
309 silly packumentCache full:https://registry.npmjs.org/@csstools%2fcss-tokenizer cache-miss
310 http fetch GET 200 https://registry.npmjs.org/@csstools%2fcss-parser-algorithms 153ms (cache miss)
311 silly packumentCache full:https://registry.npmjs.org/@csstools%2fcss-parser-algorithms set size:undefined disposed:false
312 http fetch GET 200 https://registry.npmjs.org/@csstools%2fcss-calc 196ms (cache miss)
313 silly packumentCache full:https://registry.npmjs.org/@csstools%2fcss-calc set size:undefined disposed:false
314 http fetch GET 200 https://registry.npmjs.org/@csstools%2fcss-tokenizer 587ms (cache miss)
315 silly packumentCache full:https://registry.npmjs.org/@csstools%2fcss-tokenizer set size:undefined disposed:false
316 http fetch GET 200 https://registry.npmjs.org/@csstools%2fcss-color-parser 625ms (cache miss)
317 silly packumentCache full:https://registry.npmjs.org/@csstools%2fcss-color-parser set size:undefined disposed:false
318 silly placeDep ROOT @csstools/css-calc@3.1.1 OK for: @asamuzakjp/css-color@5.0.1 want: ^3.1.1
319 silly placeDep ROOT @csstools/css-color-parser@4.0.2 OK for: @asamuzakjp/css-color@5.0.1 want: ^4.0.2
320 silly placeDep ROOT @csstools/css-parser-algorithms@4.0.0 OK for: @asamuzakjp/css-color@5.0.1 want: ^4.0.0
321 silly placeDep ROOT @csstools/css-tokenizer@4.0.0 OK for: @asamuzakjp/css-color@5.0.1 want: ^4.0.0
322 silly placeDep node_modules/@asamuzakjp/css-color lru-cache@11.2.6 OK for: @asamuzakjp/css-color@5.0.1 want: ^11.2.6
323 silly fetch manifest @csstools/color-helpers@^6.0.2
324 silly packumentCache full:https://registry.npmjs.org/@csstools%2fcolor-helpers cache-miss
325 http fetch GET 200 https://registry.npmjs.org/@csstools%2fcolor-helpers 767ms (cache miss)
326 silly packumentCache full:https://registry.npmjs.org/@csstools%2fcolor-helpers set size:undefined disposed:false
327 silly placeDep ROOT @csstools/color-helpers@6.0.2 OK for: @csstools/css-color-parser@4.0.2 want: ^6.0.2
328 silly placeDep ROOT agent-base@7.1.4 OK for: http-proxy-agent@7.0.2 want: ^7.1.0
329 silly placeDep ROOT entities@6.0.1 OK for: parse5@8.0.0 want: ^6.0.0
330 silly placeDep ROOT indent-string@4.0.0 OK for: redent@3.0.0 want: ^4.0.0
331 silly placeDep ROOT strip-indent@3.0.0 OK for: redent@3.0.0 want: ^3.0.0
332 silly fetch manifest min-indent@^1.0.0
333 silly packumentCache full:https://registry.npmjs.org/min-indent cache-miss
334 http fetch GET 200 https://registry.npmjs.org/min-indent 89ms (cache miss)
335 silly packumentCache full:https://registry.npmjs.org/min-indent set size:undefined disposed:false
336 silly placeDep ROOT xmlchars@2.2.0 OK for: saxes@6.0.0 want: ^2.2.0
337 silly placeDep ROOT min-indent@1.0.1 OK for: strip-indent@3.0.0 want: ^1.0.0
338 silly placeDep ROOT tldts@7.0.24 OK for: tough-cookie@6.0.0 want: ^7.0.5
339 silly fetch manifest tldts-core@^7.0.24
340 silly packumentCache full:https://registry.npmjs.org/tldts-core cache-miss
341 http fetch GET 200 https://registry.npmjs.org/tldts-core 165ms (cache miss)
342 silly packumentCache full:https://registry.npmjs.org/tldts-core set size:undefined disposed:false
343 silly placeDep ROOT tldts-core@7.0.24 OK for: tldts@7.0.24 want: ^7.0.24
344 silly placeDep ROOT tr46@6.0.0 OK for: whatwg-url@16.0.1 want: ^6.0.0
345 verbose type system
346 verbose stack FetchError: Invalid response body while trying to fetch https://registry.npmjs.org/vitest: EBUSY: resource busy or locked, unlink 'C:\Practice\Prod\frontend\UserspmdinAppDataRoamingnpm\_cacache\tmp\9015b921'
346 verbose stack     at C:\Users\pmdin\AppData\Roaming\npm\node_modules\npm\node_modules\minipass-fetch\lib\body.js:170:15
346 verbose stack     at async Response.json (C:\Users\pmdin\AppData\Roaming\npm\node_modules\npm\node_modules\minipass-fetch\lib\body.js:75:17)
346 verbose stack     at async RegistryFetcher.packument (C:\Users\pmdin\AppData\Roaming\npm\node_modules\npm\node_modules\pacote\lib\registry.js:98:25)
346 verbose stack     at async RegistryFetcher.manifest (C:\Users\pmdin\AppData\Roaming\npm\node_modules\npm\node_modules\pacote\lib\registry.js:128:23)
346 verbose stack     at async #fetchManifest (C:\Users\pmdin\AppData\Roaming\npm\node_modules\npm\node_modules\@npmcli\arborist\lib\arborist\build-ideal-tree.js:1214:20)
346 verbose stack     at async #nodeFromEdge (C:\Users\pmdin\AppData\Roaming\npm\node_modules\npm\node_modules\@npmcli\arborist\lib\arborist\build-ideal-tree.js:1052:19)
346 verbose stack     at async #buildDepStep (C:\Users\pmdin\AppData\Roaming\npm\node_modules\npm\node_modules\@npmcli\arborist\lib\arborist\build-ideal-tree.js:916:11)
346 verbose stack     at async Arborist.buildIdealTree (C:\Users\pmdin\AppData\Roaming\npm\node_modules\npm\node_modules\@npmcli\arborist\lib\arborist\build-ideal-tree.js:182:7)
346 verbose stack     at async Promise.all (index 1)
346 verbose stack     at async Arborist.reify (C:\Users\pmdin\AppData\Roaming\npm\node_modules\npm\node_modules\@npmcli\arborist\lib\arborist\reify.js:117:5)
347 error code EBUSY
348 error syscall unlink
349 error path C:\Practice\Prod\frontend\UserspmdinAppDataRoamingnpm\_cacache\tmp\9015b921
350 error errno EBUSY
351 error Invalid response body while trying to fetch https://registry.npmjs.org/vitest: EBUSY: resource busy or locked, unlink 'C:\Practice\Prod\frontend\UserspmdinAppDataRoamingnpm\_cacache\tmp\9015b921'
352 silly unfinished npm timer reify 1772688712655
353 silly unfinished npm timer reify:loadTrees 1772688712656
354 verbose cwd C:\Practice\Prod\frontend
355 verbose os Windows_NT 10.0.26200
356 verbose node v22.19.0
357 verbose npm  v11.6.1
358 verbose exit 1
359 verbose code 1
360 error A complete log of this run can be found in: C:\Practice\Prod\frontend\UserspmdinAppDataRoamingnpm\_logs\2026-03-05T05_31_50_755Z-debug-0.log
