0 verbose cli C:\Program Files\nodejs\node.exe C:\Users\pmdin\AppData\Roaming\npm\node_modules\npm\bin\npm-cli.js
1 info using npm@11.6.1
2 info using node@v22.19.0
3 silly config load:file:C:\Users\pmdin\AppData\Roaming\npm\node_modules\npm\npmrc
4 silly config load:file:C:\Practice\Prod\frontend\.npmrc
5 silly config load:file:C:\Users\pmdin\.npmrc
6 silly config load:file:C:\Users\pmdin\AppData\Roaming\npm\etc\npmrc
7 verbose title npm init
8 verbose argv "init" "--yes"
9 verbose logfile logs-max:10 dir:C:\Practice\Prod\frontend\UserspmdinAppDataRoamingnpm\_logs\2026-03-06T03_54_09_914Z-
10 verbose logfile C:\Practice\Prod\frontend\UserspmdinAppDataRoamingnpm\_logs\2026-03-06T03_54_09_914Z-debug-0.log
11 silly logfile done cleaning log files
12 silly package data {
12 silly package data   name: 'frontend',
12 silly package data   version: '0.1.0',
12 silly package data   private: true,
12 silly package data   scripts: {
12 silly package data     dev: 'next dev',
12 silly package data     build: 'next build',
12 silly package data     start: 'next start',
12 silly package data     test: 'vitest',
12 silly package data     'test:ui': 'vitest --ui',
12 silly package data     lint: 'eslint'
12 silly package data   },
12 silly package data   dependencies: {
12 silly package data     '@hookform/resolvers': '^5.2.2',
12 silly package data     axios: '^1.13.6',
12 silly package data     'framer-motion': '^12.34.4',
12 silly package data     'js-cookie': '^3.0.5',
12 silly package data     'lucide-react': '^0.576.0',
12 silly package data     next: '16.1.6',
12 silly package data     react: '19.2.3',
12 silly package data     'react-dom': '19.2.3',
12 silly package data     'react-hook-form': '^7.71.2',
12 silly package data     zod: '^4.3.6'
12 silly package data   },
12 silly package data   devDependencies: {
12 silly package data     '@tailwindcss/postcss': '^4',
12 silly package data     '@testing-library/jest-dom': '^6.9.1',
12 silly package data     '@testing-library/react': '^16.3.2',
12 silly package data     '@types/js-cookie': '^3.0.6',
12 silly package data     '@types/node': '^20',
12 silly package data     '@types/react': '^19',
12 silly package data     '@types/react-dom': '^19',
12 silly package data     '@vitejs/plugin-react': '^5.1.4',
12 silly package data     eslint: '^9',
12 silly package data     'eslint-config-next': '16.1.6',
12 silly package data     jsdom: '^28.1.0',
12 silly package data     tailwindcss: '^4',
12 silly package data     typescript: '^5',
12 silly package data     vitest: '^4.0.18'
12 silly package data   },
12 silly package data   description: 'This is a [Next.js](https://nextjs.org) project bootstrapped with [`create-next-app`](https://nextjs.org/docs/app/api-reference/cli/create-next-app).',
12 silly package data   main: 'index.js',
12 silly package data   keywords: [],
12 silly package data   author: '',
12 silly package data   license: 'ISC',
12 silly package data   type: 'commonjs',
12 silly package data   [Symbol(newline)]: '\n',
12 silly package data   [Symbol(indent)]: '  '
12 silly package data }
13 verbose cwd C:\Practice\Prod\frontend
14 verbose os Windows_NT 10.0.26200
15 verbose node v22.19.0
16 verbose npm  v11.6.1
17 verbose exit 0
18 info ok
