0 verbose cli C:\Program Files\nodejs\node.exe C:\Users\pmdin\AppData\Roaming\npm\node_modules\npm\bin\npm-cli.js
1 info using npm@11.6.1
2 info using node@v22.19.0
3 silly config load:file:C:\Users\pmdin\AppData\Roaming\npm\node_modules\npm\npmrc
4 silly config load:file:C:\Practice\Prod\frontend\.npmrc
5 silly config load:file:C:\Users\pmdin\.npmrc
6 silly config load:file:C:\Users\pmdin\AppData\Roaming\npm\etc\npmrc
7 verbose title npm install
8 verbose argv "install"
9 verbose logfile logs-max:10 dir:C:\Practice\Prod\frontend\UserspmdinAppDataRoamingnpm\_logs\2026-03-06T03_58_32_688Z-
10 verbose logfile C:\Practice\Prod\frontend\UserspmdinAppDataRoamingnpm\_logs\2026-03-06T03_58_32_688Z-debug-0.log
11 silly logfile done cleaning log files
12 silly packumentCache heap:2197815296 maxSize:549453824 maxEntrySize:274726912
13 verbose shrinkwrap failed to load node_modules/.package-lock.json out of date, updated: node_modules
14 silly idealTree buildDeps
15 silly fetch manifest @testing-library/dom@^10.0.0
16 silly packumentCache full:https://registry.npmjs.org/@testing-library%2fdom cache-miss
17 http fetch GET 200 https://registry.npmjs.org/@testing-library%2fdom 1644ms (cache miss)
18 silly packumentCache full:https://registry.npmjs.org/@testing-library%2fdom set size:undefined disposed:false
19 silly placeDep ROOT @testing-library/dom@10.4.1 OK for: @testing-library/react@16.3.2 want: ^10.0.0
20 silly fetch manifest lz-string@^1.5.0
21 silly packumentCache full:https://registry.npmjs.org/lz-string cache-miss
22 silly fetch manifest aria-query@5.3.0
23 silly packumentCache full:https://registry.npmjs.org/aria-query cache-miss
24 silly fetch manifest pretty-format@^27.0.2
25 silly packumentCache full:https://registry.npmjs.org/pretty-format cache-miss
26 silly fetch manifest @types/aria-query@^5.0.1
27 silly packumentCache full:https://registry.npmjs.org/@types%2faria-query cache-miss
28 silly fetch manifest dom-accessibility-api@^0.5.9
29 silly packumentCache full:https://registry.npmjs.org/dom-accessibility-api cache-miss
30 http fetch GET 200 https://registry.npmjs.org/pretty-format 215ms (cache miss)
31 silly packumentCache full:https://registry.npmjs.org/pretty-format set size:undefined disposed:false
32 http fetch GET 200 https://registry.npmjs.org/dom-accessibility-api 476ms (cache revalidated)
33 silly packumentCache full:https://registry.npmjs.org/dom-accessibility-api set size:175425 disposed:false
34 http fetch GET 200 https://registry.npmjs.org/aria-query 673ms (cache miss)
35 silly packumentCache full:https://registry.npmjs.org/aria-query set size:undefined disposed:false
36 http fetch GET 200 https://registry.npmjs.org/lz-string 844ms (cache miss)
37 silly packumentCache full:https://registry.npmjs.org/lz-string set size:undefined disposed:false
38 http fetch GET 200 https://registry.npmjs.org/@types%2faria-query 1693ms (cache miss)
39 silly packumentCache full:https://registry.npmjs.org/@types%2faria-query set size:undefined disposed:false
40 silly placeDep ROOT @types/aria-query@5.0.4 OK for: @testing-library/dom@10.4.1 want: ^5.0.1
41 silly placeDep node_modules/@testing-library/dom aria-query@5.3.0 OK for: @testing-library/dom@10.4.1 want: 5.3.0
42 silly placeDep node_modules/@testing-library/dom dom-accessibility-api@0.5.16 OK for: @testing-library/dom@10.4.1 want: ^0.5.9
43 silly placeDep ROOT lz-string@1.5.0 OK for: @testing-library/dom@10.4.1 want: ^1.5.0
44 silly placeDep ROOT pretty-format@27.5.1 OK for: @testing-library/dom@10.4.1 want: ^27.0.2
45 silly fetch manifest dequal@^2.0.3
46 silly packumentCache full:https://registry.npmjs.org/dequal cache-miss
47 silly fetch manifest react-is@^17.0.1
48 silly packumentCache full:https://registry.npmjs.org/react-is cache-miss
49 silly fetch manifest ansi-regex@^5.0.1
50 silly packumentCache full:https://registry.npmjs.org/ansi-regex cache-miss
51 silly fetch manifest ansi-styles@^5.0.0
52 silly packumentCache full:https://registry.npmjs.org/ansi-styles cache-miss
53 http fetch GET 200 https://registry.npmjs.org/dequal 85ms (cache miss)
54 silly packumentCache full:https://registry.npmjs.org/dequal set size:undefined disposed:false
55 http fetch GET 200 https://registry.npmjs.org/ansi-styles 93ms (cache miss)
56 silly packumentCache full:https://registry.npmjs.org/ansi-styles set size:undefined disposed:false
57 http fetch GET 200 https://registry.npmjs.org/react-is 208ms (cache miss)
58 silly packumentCache full:https://registry.npmjs.org/react-is set size:undefined disposed:false
59 http fetch GET 200 https://registry.npmjs.org/ansi-regex 355ms (cache miss)
60 silly packumentCache full:https://registry.npmjs.org/ansi-regex set size:undefined disposed:false
61 silly fetch manifest picomatch@^3 || ^4
62 silly packumentCache full:https://registry.npmjs.org/picomatch cache-miss
63 http fetch GET 200 https://registry.npmjs.org/picomatch 84ms (cache revalidated)
64 silly packumentCache full:https://registry.npmjs.org/picomatch set size:118818 disposed:false
65 silly placeDep ROOT picomatch@4.0.3 REPLACE for: fdir@6.5.0 want: ^3 || ^4
66 silly fetch manifest picomatch@^2.3.1
67 silly packumentCache full:https://registry.npmjs.org/picomatch cache-hit
68 silly placeDep node_modules/micromatch picomatch@2.3.1 OK for: micromatch@4.0.8 want: ^2.3.1
69 silly placeDep ROOT ansi-regex@5.0.1 OK for: pretty-format@27.5.1 want: ^5.0.1
70 silly placeDep node_modules/pretty-format ansi-styles@5.2.0 OK for: pretty-format@27.5.1 want: ^5.0.0
71 silly placeDep node_modules/pretty-format react-is@17.0.2 OK for: pretty-format@27.5.1 want: ^17.0.1
72 silly placeDep ROOT dequal@2.0.3 OK for: aria-query@5.3.0 want: ^2.0.3
73 silly reify mark retired [ 'C:\\Practice\\Prod\\frontend\\node_modules\\picomatch' ]
74 silly reify mark retired [
74 silly reify   'C:\\Practice\\Prod\\frontend\\node_modules\\tinyglobby\\node_modules\\picomatch'
74 silly reify ]
75 silly reify mark retired [
75 silly reify   'C:\\Practice\\Prod\\frontend\\node_modules\\vite\\node_modules\\picomatch'
75 silly reify ]
76 silly reify mark retired [
76 silly reify   'C:\\Practice\\Prod\\frontend\\node_modules\\vitest\\node_modules\\picomatch'
76 silly reify ]
77 silly reify moves {
77 silly reify   'C:\\Practice\\Prod\\frontend\\node_modules\\picomatch': 'C:\\Practice\\Prod\\frontend\\node_modules\\.picomatch-SCTIO7LV',
77 silly reify   'C:\\Practice\\Prod\\frontend\\node_modules\\tinyglobby\\node_modules\\picomatch': 'C:\\Practice\\Prod\\frontend\\node_modules\\tinyglobby\\node_modules\\.picomatch-AZLN12iV',
77 silly reify   'C:\\Practice\\Prod\\frontend\\node_modules\\vite\\node_modules\\picomatch': 'C:\\Practice\\Prod\\frontend\\node_modules\\vite\\node_modules\\.picomatch-rFh0qfJq',
77 silly reify   'C:\\Practice\\Prod\\frontend\\node_modules\\vitest\\node_modules\\picomatch': 'C:\\Practice\\Prod\\frontend\\node_modules\\vitest\\node_modules\\.picomatch-hTdSCCRU'
77 silly reify }
78 verbose reify failed optional dependency C:\Practice\Prod\frontend\node_modules\@tailwindcss\oxide-wasm32-wasi
79 silly reify mark deleted [
79 silly reify   'C:\\Practice\\Prod\\frontend\\node_modules\\@tailwindcss\\oxide-wasm32-wasi'
79 silly reify ]
80 silly audit bulk request {
80 silly audit   '@acemir/cssom': [ '0.9.31' ],
80 silly audit   '@adobe/css-tools': [ '4.4.4' ],
80 silly audit   '@alloc/quick-lru': [ '5.2.0' ],
80 silly audit   '@asamuzakjp/css-color': [ '5.0.1' ],
80 silly audit   'lru-cache': [ '11.2.6', '5.1.1' ],
80 silly audit   '@asamuzakjp/dom-selector': [ '6.8.1' ],
80 silly audit   '@asamuzakjp/nwsapi': [ '2.3.9' ],
80 silly audit   '@babel/code-frame': [ '7.29.0' ],
80 silly audit   '@babel/compat-data': [ '7.29.0' ],
80 silly audit   '@babel/core': [ '7.29.0' ],
80 silly audit   '@babel/generator': [ '7.29.1' ],
80 silly audit   '@babel/helper-compilation-targets': [ '7.28.6' ],
80 silly audit   '@babel/helper-globals': [ '7.28.0' ],
80 silly audit   '@babel/helper-module-imports': [ '7.28.6' ],
80 silly audit   '@babel/helper-module-transforms': [ '7.28.6' ],
80 silly audit   '@babel/helper-plugin-utils': [ '7.28.6' ],
80 silly audit   '@babel/helper-string-parser': [ '7.27.1' ],
80 silly audit   '@babel/helper-validator-identifier': [ '7.28.5' ],
80 silly audit   '@babel/helper-validator-option': [ '7.27.1' ],
80 silly audit   '@babel/helpers': [ '7.28.6' ],
80 silly audit   '@babel/parser': [ '7.29.0' ],
80 silly audit   '@babel/plugin-transform-react-jsx-self': [ '7.27.1' ],
80 silly audit   '@babel/plugin-transform-react-jsx-source': [ '7.27.1' ],
80 silly audit   '@babel/runtime': [ '7.28.6' ],
80 silly audit   '@babel/template': [ '7.28.6' ],
80 silly audit   '@babel/traverse': [ '7.29.0' ],
80 silly audit   '@babel/types': [ '7.29.0' ],
80 silly audit   '@bramus/specificity': [ '2.4.2' ],
80 silly audit   '@csstools/color-helpers': [ '6.0.2' ],
80 silly audit   '@csstools/css-calc': [ '3.1.1' ],
80 silly audit   '@csstools/css-color-parser': [ '4.0.2' ],
80 silly audit   '@csstools/css-parser-algorithms': [ '4.0.0' ],
80 silly audit   '@csstools/css-syntax-patches-for-csstree': [ '1.0.29' ],
80 silly audit   '@csstools/css-tokenizer': [ '4.0.0' ],
80 silly audit   '@emnapi/core': [ '1.8.1' ],
80 silly audit   '@emnapi/runtime': [ '1.8.1' ],
80 silly audit   '@emnapi/wasi-threads': [ '1.1.0' ],
80 silly audit   '@esbuild/aix-ppc64': [ '0.27.3' ],
80 silly audit   '@esbuild/android-arm': [ '0.27.3' ],
80 silly audit   '@esbuild/android-arm64': [ '0.27.3' ],
80 silly audit   '@esbuild/android-x64': [ '0.27.3' ],
80 silly audit   '@esbuild/darwin-arm64': [ '0.27.3' ],
80 silly audit   '@esbuild/darwin-x64': [ '0.27.3' ],
80 silly audit   '@esbuild/freebsd-arm64': [ '0.27.3' ],
80 silly audit   '@esbuild/freebsd-x64': [ '0.27.3' ],
80 silly audit   '@esbuild/linux-arm': [ '0.27.3' ],
80 silly audit   '@esbuild/linux-arm64': [ '0.27.3' ],
80 silly audit   '@esbuild/linux-ia32': [ '0.27.3' ],
80 silly audit   '@esbuild/linux-loong64': [ '0.27.3' ],
80 silly audit   '@esbuild/linux-mips64el': [ '0.27.3' ],
80 silly audit   '@esbuild/linux-ppc64': [ '0.27.3' ],
80 silly audit   '@esbuild/linux-riscv64': [ '0.27.3' ],
80 silly audit   '@esbuild/linux-s390x': [ '0.27.3' ],
80 silly audit   '@esbuild/linux-x64': [ '0.27.3' ],
80 silly audit   '@esbuild/netbsd-arm64': [ '0.27.3' ],
80 silly audit   '@esbuild/netbsd-x64': [ '0.27.3' ],
80 silly audit   '@esbuild/openbsd-arm64': [ '0.27.3' ],
80 silly audit   '@esbuild/openbsd-x64': [ '0.27.3' ],
80 silly audit   '@esbuild/openharmony-arm64': [ '0.27.3' ],
80 silly audit   '@esbuild/sunos-x64': [ '0.27.3' ],
80 silly audit   '@esbuild/win32-arm64': [ '0.27.3' ],
80 silly audit   '@esbuild/win32-ia32': [ '0.27.3' ],
80 silly audit   '@esbuild/win32-x64': [ '0.27.3' ],
80 silly audit   '@eslint-community/eslint-utils': [ '4.9.1' ],
80 silly audit   'eslint-visitor-keys': [ '3.4.3', '5.0.1', '4.2.1' ],
80 silly audit   '@eslint-community/regexpp': [ '4.12.2' ],
80 silly audit   '@eslint/config-array': [ '0.21.1' ],
80 silly audit   '@eslint/config-helpers': [ '0.4.2' ],
80 silly audit   '@eslint/core': [ '0.17.0' ],
80 silly audit   '@eslint/eslintrc': [ '3.3.4' ],
80 silly audit   '@eslint/js': [ '9.39.3' ],
80 silly audit   '@eslint/object-schema': [ '2.1.7' ],
80 silly audit   '@eslint/plugin-kit': [ '0.4.1' ],
80 silly audit   '@exodus/bytes': [ '1.15.0' ],
80 silly audit   '@hookform/resolvers': [ '5.2.2' ],
80 silly audit   '@humanfs/core': [ '0.19.1' ],
80 silly audit   '@humanfs/node': [ '0.16.7' ],
80 silly audit   '@humanwhocodes/module-importer': [ '1.0.1' ],
80 silly audit   '@humanwhocodes/retry': [ '0.4.3' ],
80 silly audit   '@img/colour': [ '1.1.0' ],
80 silly audit   '@img/sharp-darwin-arm64': [ '0.34.5' ],
80 silly audit   '@img/sharp-darwin-x64': [ '0.34.5' ],
80 silly audit   '@img/sharp-libvips-darwin-arm64': [ '1.2.4' ],
80 silly audit   '@img/sharp-libvips-darwin-x64': [ '1.2.4' ],
80 silly audit   '@img/sharp-libvips-linux-arm': [ '1.2.4' ],
80 silly audit   '@img/sharp-libvips-linux-arm64': [ '1.2.4' ],
80 silly audit   '@img/sharp-libvips-linux-ppc64': [ '1.2.4' ],
80 silly audit   '@img/sharp-libvips-linux-riscv64': [ '1.2.4' ],
80 silly audit   '@img/sharp-libvips-linux-s390x': [ '1.2.4' ],
80 silly audit   '@img/sharp-libvips-linux-x64': [ '1.2.4' ],
80 silly audit   '@img/sharp-libvips-linuxmusl-arm64': [ '1.2.4' ],
80 silly audit   '@img/sharp-libvips-linuxmusl-x64': [ '1.2.4' ],
80 silly audit   '@img/sharp-linux-arm': [ '0.34.5' ],
80 silly audit   '@img/sharp-linux-arm64': [ '0.34.5' ],
80 silly audit   '@img/sharp-linux-ppc64': [ '0.34.5' ],
80 silly audit   '@img/sharp-linux-riscv64': [ '0.34.5' ],
80 silly audit   '@img/sharp-linux-s390x': [ '0.34.5' ],
80 silly audit   '@img/sharp-linux-x64': [ '0.34.5' ],
80 silly audit   '@img/sharp-linuxmusl-arm64': [ '0.34.5' ],
80 silly audit   '@img/sharp-linuxmusl-x64': [ '0.34.5' ],
80 silly audit   '@img/sharp-wasm32': [ '0.34.5' ],
80 silly audit   '@img/sharp-win32-arm64': [ '0.34.5' ],
80 silly audit   '@img/sharp-win32-ia32': [ '0.34.5' ],
80 silly audit   '@img/sharp-win32-x64': [ '0.34.5' ],
80 silly audit   '@jridgewell/gen-mapping': [ '0.3.13' ],
80 silly audit   '@jridgewell/remapping': [ '2.3.5' ],
80 silly audit   '@jridgewell/resolve-uri': [ '3.1.2' ],
80 silly audit   '@jridgewell/sourcemap-codec': [ '1.5.5' ],
80 silly audit   '@jridgewell/trace-mapping': [ '0.3.31' ],
80 silly audit   '@napi-rs/wasm-runtime': [ '0.2.12' ],
80 silly audit   '@next/env': [ '16.1.6' ],
80 silly audit   '@next/eslint-plugin-next': [ '16.1.6' ],
80 silly audit   '@next/swc-darwin-arm64': [ '16.1.6' ],
80 silly audit   '@next/swc-darwin-x64': [ '16.1.6' ],
80 silly audit   '@next/swc-linux-arm64-gnu': [ '16.1.6' ],
80 silly audit   '@next/swc-linux-arm64-musl': [ '16.1.6' ],
80 silly audit   '@next/swc-linux-x64-gnu': [ '16.1.6' ],
80 silly audit   '@next/swc-linux-x64-musl': [ '16.1.6' ],
80 silly audit   '@next/swc-win32-arm64-msvc': [ '16.1.6' ],
80 silly audit   '@next/swc-win32-x64-msvc': [ '16.1.6' ],
80 silly audit   '@nodelib/fs.scandir': [ '2.1.5' ],
80 silly audit   '@nodelib/fs.stat': [ '2.0.5' ],
80 silly audit   '@nodelib/fs.walk': [ '1.2.8' ],
80 silly audit   '@nolyfill/is-core-module': [ '1.0.39' ],
80 silly audit   '@rolldown/pluginutils': [ '1.0.0-rc.3' ],
80 silly audit   '@rollup/rollup-android-arm-eabi': [ '4.59.0' ],
80 silly audit   '@rollup/rollup-android-arm64': [ '4.59.0' ],
80 silly audit   '@rollup/rollup-darwin-arm64': [ '4.59.0' ],
80 silly audit   '@rollup/rollup-darwin-x64': [ '4.59.0' ],
80 silly audit   '@rollup/rollup-freebsd-arm64': [ '4.59.0' ],
80 silly audit   '@rollup/rollup-freebsd-x64': [ '4.59.0' ],
80 silly audit   '@rollup/rollup-linux-arm-gnueabihf': [ '4.59.0' ],
80 silly audit   '@rollup/rollup-linux-arm-musleabihf': [ '4.59.0' ],
80 silly audit   '@rollup/rollup-linux-arm64-gnu': [ '4.59.0' ],
80 silly audit   '@rollup/rollup-linux-arm64-musl': [ '4.59.0' ],
80 silly audit   '@rollup/rollup-linux-loong64-gnu': [ '4.59.0' ],
80 silly audit   '@rollup/rollup-linux-loong64-musl': [ '4.59.0' ],
80 silly audit   '@rollup/rollup-linux-ppc64-gnu': [ '4.59.0' ],
80 silly audit   '@rollup/rollup-linux-ppc64-musl': [ '4.59.0' ],
80 silly audit   '@rollup/rollup-linux-riscv64-gnu': [ '4.59.0' ],
80 silly audit   '@rollup/rollup-linux-riscv64-musl': [ '4.59.0' ],
80 silly audit   '@rollup/rollup-linux-s390x-gnu': [ '4.59.0' ],
80 silly audit   '@rollup/rollup-linux-x64-gnu': [ '4.59.0' ],
80 silly audit   '@rollup/rollup-linux-x64-musl': [ '4.59.0' ],
80 silly audit   '@rollup/rollup-openbsd-x64': [ '4.59.0' ],
80 silly audit   '@rollup/rollup-openharmony-arm64': [ '4.59.0' ],
80 silly audit   '@rollup/rollup-win32-arm64-msvc': [ '4.59.0' ],
80 silly audit   '@rollup/rollup-win32-ia32-msvc': [ '4.59.0' ],
80 silly audit   '@rollup/rollup-win32-x64-gnu': [ '4.59.0' ],
80 silly audit   '@rollup/rollup-win32-x64-msvc': [ '4.59.0' ],
80 silly audit   '@rtsao/scc': [ '1.1.0' ],
80 silly audit   '@standard-schema/spec': [ '1.1.0' ],
80 silly audit   '@standard-schema/utils': [ '0.3.0' ],
80 silly audit   '@swc/helpers': [ '0.5.15' ],
80 silly audit   '@tailwindcss/node': [ '4.2.1' ],
80 silly audit   '@tailwindcss/oxide': [ '4.2.1' ],
80 silly audit   '@tailwindcss/oxide-android-arm64': [ '4.2.1' ],
80 silly audit   '@tailwindcss/oxide-darwin-arm64': [ '4.2.1' ],
80 silly audit   '@tailwindcss/oxide-darwin-x64': [ '4.2.1' ],
80 silly audit   '@tailwindcss/oxide-freebsd-x64': [ '4.2.1' ],
80 silly audit   '@tailwindcss/oxide-linux-arm-gnueabihf': [ '4.2.1' ],
80 silly audit   '@tailwindcss/oxide-linux-arm64-gnu': [ '4.2.1' ],
80 silly audit   '@tailwindcss/oxide-linux-arm64-musl': [ '4.2.1' ],
80 silly audit   '@tailwindcss/oxide-linux-x64-gnu': [ '4.2.1' ],
80 silly audit   '@tailwindcss/oxide-linux-x64-musl': [ '4.2.1' ],
80 silly audit   '@tailwindcss/oxide-win32-arm64-msvc': [ '4.2.1' ],
80 silly audit   '@tailwindcss/oxide-win32-x64-msvc': [ '4.2.1' ],
80 silly audit   '@tailwindcss/postcss': [ '4.2.1' ],
80 silly audit   '@testing-library/jest-dom': [ '6.9.1' ],
80 silly audit   '@testing-library/react': [ '16.3.2' ],
80 silly audit   '@tybys/wasm-util': [ '0.10.1' ],
80 silly audit   '@types/babel__core': [ '7.20.5' ],
80 silly audit   '@types/babel__generator': [ '7.27.0' ],
80 silly audit   '@types/babel__template': [ '7.4.4' ],
80 silly audit   '@types/babel__traverse': [ '7.28.0' ],
80 silly audit   '@types/chai': [ '5.2.3' ],
80 silly audit   '@types/deep-eql': [ '4.0.2' ],
80 silly audit   '@types/estree': [ '1.0.8' ],
80 silly audit   '@types/js-cookie': [ '3.0.6' ],
80 silly audit   '@types/json-schema': [ '7.0.15' ],
80 silly audit   '@types/json5': [ '0.0.29' ],
80 silly audit   '@types/node': [ '20.19.35' ],
80 silly audit   '@types/react': [ '19.2.14' ],
80 silly audit   '@types/react-dom': [ '19.2.3' ],
80 silly audit   '@typescript-eslint/eslint-plugin': [ '8.56.1' ],
80 silly audit   ignore: [ '7.0.5', '5.3.2' ],
80 silly audit   '@typescript-eslint/parser': [ '8.56.1' ],
80 silly audit   '@typescript-eslint/project-service': [ '8.56.1' ],
80 silly audit   '@typescript-eslint/scope-manager': [ '8.56.1' ],
80 silly audit   '@typescript-eslint/tsconfig-utils': [ '8.56.1' ],
80 silly audit   '@typescript-eslint/type-utils': [ '8.56.1' ],
80 silly audit   '@typescript-eslint/types': [ '8.56.1' ],
80 silly audit   '@typescript-eslint/typescript-estree': [ '8.56.1' ],
80 silly audit   'balanced-match': [ '4.0.4', '1.0.2' ],
80 silly audit   'brace-expansion': [ '5.0.4', '1.1.12' ],
80 silly audit   minimatch: [ '10.2.4', '3.1.5' ],
80 silly audit   semver: [ '7.7.4', '6.3.1' ],
80 silly audit   '@typescript-eslint/utils': [ '8.56.1' ],
80 silly audit   '@typescript-eslint/visitor-keys': [ '8.56.1' ],
80 silly audit   '@unrs/resolver-binding-android-arm-eabi': [ '1.11.1' ],
80 silly audit   '@unrs/resolver-binding-android-arm64': [ '1.11.1' ],
80 silly audit   '@unrs/resolver-binding-darwin-arm64': [ '1.11.1' ],
80 silly audit   '@unrs/resolver-binding-darwin-x64': [ '1.11.1' ],
80 silly audit   '@unrs/resolver-binding-freebsd-x64': [ '1.11.1' ],
80 silly audit   '@unrs/resolver-binding-linux-arm-gnueabihf': [ '1.11.1' ],
80 silly audit   '@unrs/resolver-binding-linux-arm-musleabihf': [ '1.11.1' ],
80 silly audit   '@unrs/resolver-binding-linux-arm64-gnu': [ '1.11.1' ],
80 silly audit   '@unrs/resolver-binding-linux-arm64-musl': [ '1.11.1' ],
80 silly audit   '@unrs/resolver-binding-linux-ppc64-gnu': [ '1.11.1' ],
80 silly audit   '@unrs/resolver-binding-linux-riscv64-gnu': [ '1.11.1' ],
80 silly audit   '@unrs/resolver-binding-linux-riscv64-musl': [ '1.11.1' ],
80 silly audit   '@unrs/resolver-binding-linux-s390x-gnu': [ '1.11.1' ],
80 silly audit   '@unrs/resolver-binding-linux-x64-gnu': [ '1.11.1' ],
80 silly audit   '@unrs/resolver-binding-linux-x64-musl': [ '1.11.1' ],
80 silly audit   '@unrs/resolver-binding-wasm32-wasi': [ '1.11.1' ],
80 silly audit   '@unrs/resolver-binding-win32-arm64-msvc': [ '1.11.1' ],
80 silly audit   '@unrs/resolver-binding-win32-ia32-msvc': [ '1.11.1' ],
80 silly audit   '@unrs/resolver-binding-win32-x64-msvc': [ '1.11.1' ],
80 silly audit   '@vitejs/plugin-react': [ '5.1.4' ],
80 silly audit   '@vitest/expect': [ '4.0.18' ],
80 silly audit   '@vitest/mocker': [ '4.0.18' ],
80 silly audit   '@vitest/pretty-format': [ '4.0.18' ],
80 silly audit   '@vitest/runner': [ '4.0.18' ],
80 silly audit   '@vitest/snapshot': [ '4.0.18' ],
80 silly audit   '@vitest/spy': [ '4.0.18' ],
80 silly audit   '@vitest/utils': [ '4.0.18' ],
80 silly audit   acorn: [ '8.16.0' ],
80 silly audit   'acorn-jsx': [ '5.3.2' ],
80 silly audit   'agent-base': [ '7.1.4' ],
80 silly audit   ajv: [ '6.14.0' ],
80 silly audit   'ansi-styles': [ '4.3.0', '5.2.0' ],
80 silly audit   argparse: [ '2.0.1' ],
80 silly audit   'aria-query': [ '5.3.2', '5.3.0' ],
80 silly audit   'array-buffer-byte-length': [ '1.0.2' ],
80 silly audit   'array-includes': [ '3.1.9' ],
80 silly audit   'array.prototype.findlast': [ '1.2.5' ],
80 silly audit   'array.prototype.findlastindex': [ '1.2.6' ],
80 silly audit   'array.prototype.flat': [ '1.3.3' ],
80 silly audit   'array.prototype.flatmap': [ '1.3.3' ],
80 silly audit   'array.prototype.tosorted': [ '1.1.4' ],
80 silly audit   'arraybuffer.prototype.slice': [ '1.0.4' ],
80 silly audit   'assertion-error': [ '2.0.1' ],
80 silly audit   'ast-types-flow': [ '0.0.8' ],
80 silly audit   'async-function': [ '1.0.0' ],
80 silly audit   asynckit: [ '0.4.0' ],
80 silly audit   'available-typed-arrays': [ '1.0.7' ],
80 silly audit   'axe-core': [ '4.11.1' ],
80 silly audit   axios: [ '1.13.6' ],
80 silly audit   'axobject-query': [ '4.1.0' ],
80 silly audit   'baseline-browser-mapping': [ '2.10.0' ],
80 silly audit   'bidi-js': [ '1.0.3' ],
80 silly audit   braces: [ '3.0.3' ],
80 silly audit   browserslist: [ '4.28.1' ],
80 silly audit   'call-bind': [ '1.0.8' ],
80 silly audit   'call-bind-apply-helpers': [ '1.0.2' ],
80 silly audit   'call-bound': [ '1.0.4' ],
80 silly audit   callsites: [ '3.1.0' ],
80 silly audit   'caniuse-lite': [ '1.0.30001775' ],
80 silly audit   chai: [ '6.2.2' ],
80 silly audit   chalk: [ '4.1.2' ],
80 silly audit   'client-only': [ '0.0.1' ],
80 silly audit   'color-convert': [ '2.0.1' ],
80 silly audit   'color-name': [ '1.1.4' ],
80 silly audit   'combined-stream': [ '1.0.8' ],
80 silly audit   'concat-map': [ '0.0.1' ],
80 silly audit   'convert-source-map': [ '2.0.0' ],
80 silly audit   'cross-spawn': [ '7.0.6' ],
80 silly audit   'css-tree': [ '3.2.0' ],
80 silly audit   'css.escape': [ '1.5.1' ],
80 silly audit   cssstyle: [ '6.2.0' ],
80 silly audit   csstype: [ '3.2.3' ],
80 silly audit   'damerau-levenshtein': [ '1.0.8' ],
80 silly audit   'data-urls': [ '7.0.0' ],
80 silly audit   'data-view-buffer': [ '1.0.2' ],
80 silly audit   'data-view-byte-length': [ '1.0.2' ],
80 silly audit   'data-view-byte-offset': [ '1.0.1' ],
80 silly audit   debug: [ '4.4.3', '3.2.7' ],
80 silly audit   'decimal.js': [ '10.6.0' ],
80 silly audit   'deep-is': [ '0.1.4' ],
80 silly audit   'define-data-property': [ '1.1.4' ],
80 silly audit   'define-properties': [ '1.2.1' ],
80 silly audit   'delayed-stream': [ '1.0.0' ],
80 silly audit   'detect-libc': [ '2.1.2' ],
80 silly audit   doctrine: [ '2.1.0' ],
80 silly audit   'dom-accessibility-api': [ '0.6.3', '0.5.16' ],
80 silly audit   'dunder-proto': [ '1.0.1' ],
80 silly audit   'electron-to-chromium': [ '1.5.302' ],
80 silly audit   'emoji-regex': [ '9.2.2' ],
80 silly audit   'enhanced-resolve': [ '5.20.0' ],
80 silly audit   entities: [ '6.0.1' ],
80 silly audit   'es-abstract': [ '1.24.1' ],
80 silly audit   'es-define-property': [ '1.0.1' ],
80 silly audit   'es-errors': [ '1.3.0' ],
80 silly audit   'es-iterator-helpers': [ '1.2.2' ],
80 silly audit   'es-module-lexer': [ '1.7.0' ],
80 silly audit   'es-object-atoms': [ '1.1.1' ],
80 silly audit   'es-set-tostringtag': [ '2.1.0' ],
80 silly audit   'es-shim-unscopables': [ '1.1.0' ],
80 silly audit   'es-to-primitive': [ '1.3.0' ],
80 silly audit   esbuild: [ '0.27.3' ],
80 silly audit   escalade: [ '3.2.0' ],
80 silly audit   'escape-string-regexp': [ '4.0.0' ],
80 silly audit   eslint: [ '9.39.3' ],
80 silly audit   'eslint-config-next': [ '16.1.6' ],
80 silly audit   globals: [ '16.4.0', '14.0.0' ],
80 silly audit   'eslint-import-resolver-node': [ '0.3.9' ],
80 silly audit   'eslint-import-resolver-typescript': [ '3.10.1' ],
80 silly audit   'eslint-module-utils': [ '2.12.1' ],
80 silly audit   'eslint-plugin-import': [ '2.32.0' ],
80 silly audit   'eslint-plugin-jsx-a11y': [ '6.10.2' ],
80 silly audit   'eslint-plugin-react': [ '7.37.5' ],
80 silly audit   'eslint-plugin-react-hooks': [ '7.0.1' ],
80 silly audit   resolve: [ '2.0.0-next.6', '1.22.11' ],
80 silly audit   'eslint-scope': [ '8.4.0' ],
80 silly audit   espree: [ '10.4.0' ],
80 silly audit   esquery: [ '1.7.0' ],
80 silly audit   esrecurse: [ '4.3.0' ],
80 silly audit   estraverse: [ '5.3.0' ],
80 silly audit   'estree-walker': [ '3.0.3' ],
80 silly audit   esutils: [ '2.0.3' ],
80 silly audit   'expect-type': [ '1.3.0' ],
80 silly audit   'fast-deep-equal': [ '3.1.3' ],
80 silly audit   'fast-glob': [ '3.3.1' ],
80 silly audit   'glob-parent': [ '5.1.2', '6.0.2' ],
80 silly audit   'fast-json-stable-stringify': [ '2.1.0' ],
80 silly audit   'fast-levenshtein': [ '2.0.6' ],
80 silly audit   fastq: [ '1.20.1' ],
80 silly audit   fdir: [ '6.5.0' ],
80 silly audit   'file-entry-cache': [ '8.0.0' ],
80 silly audit   'fill-range': [ '7.1.1' ],
80 silly audit   'find-up': [ '5.0.0' ],
80 silly audit   'flat-cache': [ '4.0.1' ],
80 silly audit   flatted: [ '3.3.4' ],
80 silly audit   'follow-redirects': [ '1.15.11' ],
80 silly audit   'for-each': [ '0.3.5' ],
80 silly audit   'form-data': [ '4.0.5' ],
80 silly audit   'framer-motion': [ '12.34.4' ],
80 silly audit   fsevents: [ '2.3.3' ],
80 silly audit   'function-bind': [ '1.1.2' ],
80 silly audit   'function.prototype.name': [ '1.1.8' ],
80 silly audit   'functions-have-names': [ '1.2.3' ],
80 silly audit   'generator-function': [ '2.0.1' ],
80 silly audit   gensync: [ '1.0.0-beta.2' ],
80 silly audit   'get-intrinsic': [ '1.3.0' ],
80 silly audit   'get-proto': [ '1.0.1' ],
80 silly audit   'get-symbol-description': [ '1.1.0' ],
80 silly audit   'get-tsconfig': [ '4.13.6' ],
80 silly audit   globalthis: [ '1.0.4' ],
80 silly audit   gopd: [ '1.2.0' ],
80 silly audit   'graceful-fs': [ '4.2.11' ],
80 silly audit   'has-bigints': [ '1.1.0' ],
80 silly audit   'has-flag': [ '4.0.0' ],
80 silly audit   'has-property-descriptors': [ '1.0.2' ],
80 silly audit   'has-proto': [ '1.2.0' ],
80 silly audit   'has-symbols': [ '1.1.0' ],
80 silly audit   'has-tostringtag': [ '1.0.2' ],
80 silly audit   hasown: [ '2.0.2' ],
80 silly audit   'hermes-estree': [ '0.25.1' ],
80 silly audit   'hermes-parser': [ '0.25.1' ],
80 silly audit   'html-encoding-sniffer': [ '6.0.0' ],
80 silly audit   'http-proxy-agent': [ '7.0.2' ],
80 silly audit   'https-proxy-agent': [ '7.0.6' ],
80 silly audit   'import-fresh': [ '3.3.1' ],
80 silly audit   imurmurhash: [ '0.1.4' ],
80 silly audit   'indent-string': [ '4.0.0' ],
80 silly audit   'internal-slot': [ '1.1.0' ],
80 silly audit   'is-array-buffer': [ '3.0.5' ],
80 silly audit   'is-async-function': [ '2.1.1' ],
80 silly audit   'is-bigint': [ '1.1.0' ],
80 silly audit   'is-boolean-object': [ '1.2.2' ],
80 silly audit   'is-bun-module': [ '2.0.0' ],
80 silly audit   'is-callable': [ '1.2.7' ],
80 silly audit   'is-core-module': [ '2.16.1' ],
80 silly audit   'is-data-view': [ '1.0.2' ],
80 silly audit   'is-date-object': [ '1.1.0' ],
80 silly audit   'is-extglob': [ '2.1.1' ],
80 silly audit   'is-finalizationregistry': [ '1.1.1' ],
80 silly audit   'is-generator-function': [ '1.1.2' ],
80 silly audit   'is-glob': [ '4.0.3' ],
80 silly audit   'is-map': [ '2.0.3' ],
80 silly audit   'is-negative-zero': [ '2.0.3' ],
80 silly audit   'is-number': [ '7.0.0' ],
80 silly audit   'is-number-object': [ '1.1.1' ],
80 silly audit   'is-potential-custom-element-name': [ '1.0.1' ],
80 silly audit   'is-regex': [ '1.2.1' ],
80 silly audit   'is-set': [ '2.0.3' ],
80 silly audit   'is-shared-array-buffer': [ '1.0.4' ],
80 silly audit   'is-string': [ '1.1.1' ],
80 silly audit   'is-symbol': [ '1.1.1' ],
80 silly audit   'is-typed-array': [ '1.1.15' ],
80 silly audit   'is-weakmap': [ '2.0.2' ],
80 silly audit   'is-weakref': [ '1.1.1' ],
80 silly audit   'is-weakset': [ '2.0.4' ],
80 silly audit   isarray: [ '2.0.5' ],
80 silly audit   isexe: [ '2.0.0' ],
80 silly audit   'iterator.prototype': [ '1.1.5' ],
80 silly audit   jiti: [ '2.6.1' ],
80 silly audit   'js-cookie': [ '3.0.5' ],
80 silly audit   'js-tokens': [ '4.0.0' ],
80 silly audit   'js-yaml': [ '4.1.1' ],
80 silly audit   jsdom: [ '28.1.0' ],
80 silly audit   jsesc: [ '3.1.0' ],
80 silly audit   'json-buffer': [ '3.0.1' ],
80 silly audit   'json-schema-traverse': [ '0.4.1' ],
80 silly audit   'json-stable-stringify-without-jsonify': [ '1.0.1' ],
80 silly audit   json5: [ '2.2.3', '1.0.2' ],
80 silly audit   'jsx-ast-utils': [ '3.3.5' ],
80 silly audit   keyv: [ '4.5.4' ],
80 silly audit   'language-subtag-registry': [ '0.3.23' ],
80 silly audit   'language-tags': [ '1.0.9' ],
80 silly audit   levn: [ '0.4.1' ],
80 silly audit   lightningcss: [ '1.31.1' ],
80 silly audit   'lightningcss-android-arm64': [ '1.31.1' ],
80 silly audit   'lightningcss-darwin-arm64': [ '1.31.1' ],
80 silly audit   'lightningcss-darwin-x64': [ '1.31.1' ],
80 silly audit   'lightningcss-freebsd-x64': [ '1.31.1' ],
80 silly audit   'lightningcss-linux-arm-gnueabihf': [ '1.31.1' ],
80 silly audit   'lightningcss-linux-arm64-gnu': [ '1.31.1' ],
80 silly audit   'lightningcss-linux-arm64-musl': [ '1.31.1' ],
80 silly audit   'lightningcss-linux-x64-gnu': [ '1.31.1' ],
80 silly audit   'lightningcss-linux-x64-musl': [ '1.31.1' ],
80 silly audit   'lightningcss-win32-arm64-msvc': [ '1.31.1' ],
80 silly audit   'lightningcss-win32-x64-msvc': [ '1.31.1' ],
80 silly audit   'locate-path': [ '6.0.0' ],
80 silly audit   'lodash.merge': [ '4.6.2' ],
80 silly audit   'loose-envify': [ '1.4.0' ],
80 silly audit   'lucide-react': [ '0.576.0' ],
80 silly audit   'magic-string': [ '0.30.21' ],
80 silly audit   'math-intrinsics': [ '1.1.0' ],
80 silly audit   'mdn-data': [ '2.27.1' ],
80 silly audit   merge2: [ '1.4.1' ],
80 silly audit   micromatch: [ '4.0.8' ],
80 silly audit   'mime-db': [ '1.52.0' ],
80 silly audit   'mime-types': [ '2.1.35' ],
80 silly audit   'min-indent': [ '1.0.1' ],
80 silly audit   minimist: [ '1.2.8' ],
80 silly audit   'motion-dom': [ '12.34.3' ],
80 silly audit   'motion-utils': [ '12.29.2' ],
80 silly audit   ms: [ '2.1.3' ],
80 silly audit   nanoid: [ '3.3.11' ],
80 silly audit   'napi-postinstall': [ '0.3.4' ],
80 silly audit   'natural-compare': [ '1.4.0' ],
80 silly audit   next: [ '16.1.6' ],
80 silly audit   postcss: [ '8.4.31', '8.5.8' ],
80 silly audit   'node-exports-info': [ '1.6.0' ],
80 silly audit   'node-releases': [ '2.0.27' ],
80 silly audit   'object-assign': [ '4.1.1' ],
80 silly audit   'object-inspect': [ '1.13.4' ],
80 silly audit   'object-keys': [ '1.1.1' ],
80 silly audit   'object.assign': [ '4.1.7' ],
80 silly audit   'object.entries': [ '1.1.9' ],
80 silly audit   'object.fromentries': [ '2.0.8' ],
80 silly audit   'object.groupby': [ '1.0.3' ],
80 silly audit   'object.values': [ '1.2.1' ],
80 silly audit   obug: [ '2.1.1' ],
80 silly audit   optionator: [ '0.9.4' ],
80 silly audit   'own-keys': [ '1.0.1' ],
80 silly audit   'p-limit': [ '3.1.0' ],
80 silly audit   'p-locate': [ '5.0.0' ],
80 silly audit   'parent-module': [ '1.0.1' ],
80 silly audit   parse5: [ '8.0.0' ],
80 silly audit   'path-exists': [ '4.0.0' ],
80 silly audit   'path-key': [ '3.1.1' ],
80 silly audit   'path-parse': [ '1.0.7' ],
80 silly audit   pathe: [ '2.0.3' ],
80 silly audit   picocolors: [ '1.1.1' ],
80 silly audit   picomatch: [ '4.0.3', '2.3.1' ],
80 silly audit   'possible-typed-array-names': [ '1.1.0' ],
80 silly audit   'prelude-ls': [ '1.2.1' ],
80 silly audit   'prop-types': [ '15.8.1' ],
80 silly audit   'proxy-from-env': [ '1.1.0' ],
80 silly audit   punycode: [ '2.3.1' ],
80 silly audit   'queue-microtask': [ '1.2.3' ],
80 silly audit   react: [ '19.2.3' ],
80 silly audit   'react-dom': [ '19.2.3' ],
80 silly audit   'react-hook-form': [ '7.71.2' ],
80 silly audit   'react-is': [ '16.13.1', '17.0.2' ],
80 silly audit   'react-refresh': [ '0.18.0' ],
80 silly audit   redent: [ '3.0.0' ],
80 silly audit   'reflect.getprototypeof': [ '1.0.10' ],
80 silly audit   'regexp.prototype.flags': [ '1.5.4' ],
80 silly audit   'require-from-string': [ '2.0.2' ],
80 silly audit   'resolve-from': [ '4.0.0' ],
80 silly audit   'resolve-pkg-maps': [ '1.0.0' ],
80 silly audit   reusify: [ '1.1.0' ],
80 silly audit   rollup: [ '4.59.0' ],
80 silly audit   'run-parallel': [ '1.2.0' ],
80 silly audit   'safe-array-concat': [ '1.1.3' ],
80 silly audit   'safe-push-apply': [ '1.0.0' ],
80 silly audit   'safe-regex-test': [ '1.1.0' ],
80 silly audit   saxes: [ '6.0.0' ],
80 silly audit   scheduler: [ '0.27.0' ],
80 silly audit   'set-function-length': [ '1.2.2' ],
80 silly audit   'set-function-name': [ '2.0.2' ],
80 silly audit   'set-proto': [ '1.0.0' ],
80 silly audit   sharp: [ '0.34.5' ],
80 silly audit   'shebang-command': [ '2.0.0' ],
80 silly audit   'shebang-regex': [ '3.0.0' ],
80 silly audit   'side-channel': [ '1.1.0' ],
80 silly audit   'side-channel-list': [ '1.0.0' ],
80 silly audit   'side-channel-map': [ '1.0.1' ],
80 silly audit   'side-channel-weakmap': [ '1.0.2' ],
80 silly audit   siginfo: [ '2.0.0' ],
80 silly audit   'source-map-js': [ '1.2.1' ],
80 silly audit   'stable-hash': [ '0.0.5' ],
80 silly audit   stackback: [ '0.0.2' ],
80 silly audit   'std-env': [ '3.10.0' ],
80 silly audit   'stop-iteration-iterator': [ '1.1.0' ],
80 silly audit   'string.prototype.includes': [ '2.0.1' ],
80 silly audit   'string.prototype.matchall': [ '4.0.12' ],
80 silly audit   'string.prototype.repeat': [ '1.0.0' ],
80 silly audit   'string.prototype.trim': [ '1.2.10' ],
80 silly audit   'string.prototype.trimend': [ '1.0.9' ],
80 silly audit   'string.prototype.trimstart': [ '1.0.8' ],
80 silly audit   'strip-bom': [ '3.0.0' ],
80 silly audit   'strip-indent': [ '3.0.0' ],
80 silly audit   'strip-json-comments': [ '3.1.1' ],
80 silly audit   'styled-jsx': [ '5.1.6' ],
80 silly audit   'supports-color': [ '7.2.0' ],
80 silly audit   'supports-preserve-symlinks-flag': [ '1.0.0' ],
80 silly audit   'symbol-tree': [ '3.2.4' ],
80 silly audit   tailwindcss: [ '4.2.1' ],
80 silly audit   tapable: [ '2.3.0' ],
80 silly audit   tinybench: [ '2.9.0' ],
80 silly audit   tinyexec: [ '1.0.2' ],
80 silly audit   tinyglobby: [ '0.2.15' ],
80 silly audit   tinyrainbow: [ '3.0.3' ],
80 silly audit   tldts: [ '7.0.24' ],
80 silly audit   'tldts-core': [ '7.0.24' ],
80 silly audit   'to-regex-range': [ '5.0.1' ],
80 silly audit   'tough-cookie': [ '6.0.0' ],
80 silly audit   tr46: [ '6.0.0' ],
80 silly audit   'ts-api-utils': [ '2.4.0' ],
80 silly audit   'tsconfig-paths': [ '3.15.0' ],
80 silly audit   tslib: [ '2.8.1' ],
80 silly audit   'type-check': [ '0.4.0' ],
80 silly audit   'typed-array-buffer': [ '1.0.3' ],
80 silly audit   'typed-array-byte-length': [ '1.0.3' ],
80 silly audit   'typed-array-byte-offset': [ '1.0.4' ],
80 silly audit   'typed-array-length': [ '1.0.7' ],
80 silly audit   typescript: [ '5.9.3' ],
80 silly audit   'typescript-eslint': [ '8.56.1' ],
80 silly audit   'unbox-primitive': [ '1.1.0' ],
80 silly audit   undici: [ '7.22.0' ],
80 silly audit   'undici-types': [ '6.21.0' ],
80 silly audit   'unrs-resolver': [ '1.11.1' ],
80 silly audit   'update-browserslist-db': [ '1.2.3' ],
80 silly audit   'uri-js': [ '4.4.1' ],
80 silly audit   vite: [ '7.3.1' ],
80 silly audit   vitest: [ '4.0.18' ],
80 silly audit   'w3c-xmlserializer': [ '5.0.0' ],
80 silly audit   'webidl-conversions': [ '8.0.1' ],
80 silly audit   'whatwg-mimetype': [ '5.0.0' ],
80 silly audit   'whatwg-url': [ '16.0.1' ],
80 silly audit   which: [ '2.0.2' ],
80 silly audit   'which-boxed-primitive': [ '1.1.1' ],
80 silly audit   'which-builtin-type': [ '1.2.1' ],
80 silly audit   'which-collection': [ '1.0.2' ],
80 silly audit   'which-typed-array': [ '1.1.20' ],
80 silly audit   'why-is-node-running': [ '2.3.0' ],
80 silly audit   'word-wrap': [ '1.2.5' ],
80 silly audit   'xml-name-validator': [ '5.0.0' ],
80 silly audit   xmlchars: [ '2.2.0' ],
80 silly audit   yallist: [ '3.1.1' ],
80 silly audit   'yocto-queue': [ '0.1.0' ],
80 silly audit   zod: [ '4.3.6' ],
80 silly audit   'zod-validation-error': [ '4.0.2' ],
80 silly audit   '@testing-library/dom': [ '10.4.1' ],
80 silly audit   '@types/aria-query': [ '5.0.4' ],
80 silly audit   'lz-string': [ '1.5.0' ],
80 silly audit   'pretty-format': [ '27.5.1' ],
80 silly audit   'ansi-regex': [ '5.0.1' ],
80 silly audit   dequal: [ '2.0.3' ],
80 silly audit   '@tailwindcss/oxide-wasm32-wasi': [ '4.2.1' ]
80 silly audit }
81 verbose reify failed optional dependency C:\Practice\Prod\frontend\node_modules\lightningcss-win32-arm64-msvc
82 silly reify mark deleted [
82 silly reify   'C:\\Practice\\Prod\\frontend\\node_modules\\lightningcss-win32-arm64-msvc'
82 silly reify ]
83 verbose reify failed optional dependency C:\Practice\Prod\frontend\node_modules\lightningcss-linux-x64-musl
84 silly reify mark deleted [
84 silly reify   'C:\\Practice\\Prod\\frontend\\node_modules\\lightningcss-linux-x64-musl'
84 silly reify ]
85 verbose reify failed optional dependency C:\Practice\Prod\frontend\node_modules\lightningcss-linux-x64-gnu
86 silly reify mark deleted [
86 silly reify   'C:\\Practice\\Prod\\frontend\\node_modules\\lightningcss-linux-x64-gnu'
86 silly reify ]
87 verbose reify failed optional dependency C:\Practice\Prod\frontend\node_modules\lightningcss-linux-arm64-musl
88 silly reify mark deleted [
88 silly reify   'C:\\Practice\\Prod\\frontend\\node_modules\\lightningcss-linux-arm64-musl'
88 silly reify ]
89 verbose reify failed optional dependency C:\Practice\Prod\frontend\node_modules\lightningcss-linux-arm64-gnu
90 silly reify mark deleted [
90 silly reify   'C:\\Practice\\Prod\\frontend\\node_modules\\lightningcss-linux-arm64-gnu'
90 silly reify ]
91 verbose reify failed optional dependency C:\Practice\Prod\frontend\node_modules\lightningcss-linux-arm-gnueabihf
92 silly reify mark deleted [
92 silly reify   'C:\\Practice\\Prod\\frontend\\node_modules\\lightningcss-linux-arm-gnueabihf'
92 silly reify ]
93 verbose reify failed optional dependency C:\Practice\Prod\frontend\node_modules\lightningcss-freebsd-x64
94 silly reify mark deleted [
94 silly reify   'C:\\Practice\\Prod\\frontend\\node_modules\\lightningcss-freebsd-x64'
94 silly reify ]
95 verbose reify failed optional dependency C:\Practice\Prod\frontend\node_modules\lightningcss-darwin-x64
96 silly reify mark deleted [
96 silly reify   'C:\\Practice\\Prod\\frontend\\node_modules\\lightningcss-darwin-x64'
96 silly reify ]
97 verbose reify failed optional dependency C:\Practice\Prod\frontend\node_modules\lightningcss-darwin-arm64
98 silly reify mark deleted [
98 silly reify   'C:\\Practice\\Prod\\frontend\\node_modules\\lightningcss-darwin-arm64'
98 silly reify ]
99 verbose reify failed optional dependency C:\Practice\Prod\frontend\node_modules\lightningcss-android-arm64
100 silly reify mark deleted [
100 silly reify   'C:\\Practice\\Prod\\frontend\\node_modules\\lightningcss-android-arm64'
100 silly reify ]
101 verbose reify failed optional dependency C:\Practice\Prod\frontend\node_modules\fsevents
102 silly reify mark deleted [ 'C:\\Practice\\Prod\\frontend\\node_modules\\fsevents' ]
103 verbose reify failed optional dependency C:\Practice\Prod\frontend\node_modules\@unrs\resolver-binding-win32-ia32-msvc
104 silly reify mark deleted [
104 silly reify   'C:\\Practice\\Prod\\frontend\\node_modules\\@unrs\\resolver-binding-win32-ia32-msvc'
104 silly reify ]
105 verbose reify failed optional dependency C:\Practice\Prod\frontend\node_modules\@unrs\resolver-binding-win32-arm64-msvc
106 silly reify mark deleted [
106 silly reify   'C:\\Practice\\Prod\\frontend\\node_modules\\@unrs\\resolver-binding-win32-arm64-msvc'
106 silly reify ]
107 verbose reify failed optional dependency C:\Practice\Prod\frontend\node_modules\@unrs\resolver-binding-wasm32-wasi
108 silly reify mark deleted [
108 silly reify   'C:\\Practice\\Prod\\frontend\\node_modules\\@unrs\\resolver-binding-wasm32-wasi'
108 silly reify ]
109 verbose reify failed optional dependency C:\Practice\Prod\frontend\node_modules\@unrs\resolver-binding-linux-x64-musl
110 silly reify mark deleted [
110 silly reify   'C:\\Practice\\Prod\\frontend\\node_modules\\@unrs\\resolver-binding-linux-x64-musl'
110 silly reify ]
111 verbose reify failed optional dependency C:\Practice\Prod\frontend\node_modules\@unrs\resolver-binding-linux-x64-gnu
112 silly reify mark deleted [
112 silly reify   'C:\\Practice\\Prod\\frontend\\node_modules\\@unrs\\resolver-binding-linux-x64-gnu'
112 silly reify ]
113 verbose reify failed optional dependency C:\Practice\Prod\frontend\node_modules\@unrs\resolver-binding-linux-s390x-gnu
114 silly reify mark deleted [
114 silly reify   'C:\\Practice\\Prod\\frontend\\node_modules\\@unrs\\resolver-binding-linux-s390x-gnu'
114 silly reify ]
115 verbose reify failed optional dependency C:\Practice\Prod\frontend\node_modules\@unrs\resolver-binding-linux-riscv64-musl
116 silly reify mark deleted [
116 silly reify   'C:\\Practice\\Prod\\frontend\\node_modules\\@unrs\\resolver-binding-linux-riscv64-musl'
116 silly reify ]
117 verbose reify failed optional dependency C:\Practice\Prod\frontend\node_modules\@unrs\resolver-binding-linux-riscv64-gnu
118 silly reify mark deleted [
118 silly reify   'C:\\Practice\\Prod\\frontend\\node_modules\\@unrs\\resolver-binding-linux-riscv64-gnu'
118 silly reify ]
119 verbose reify failed optional dependency C:\Practice\Prod\frontend\node_modules\@unrs\resolver-binding-linux-ppc64-gnu
120 silly reify mark deleted [
120 silly reify   'C:\\Practice\\Prod\\frontend\\node_modules\\@unrs\\resolver-binding-linux-ppc64-gnu'
120 silly reify ]
121 verbose reify failed optional dependency C:\Practice\Prod\frontend\node_modules\@unrs\resolver-binding-linux-arm64-musl
122 silly reify mark deleted [
122 silly reify   'C:\\Practice\\Prod\\frontend\\node_modules\\@unrs\\resolver-binding-linux-arm64-musl'
122 silly reify ]
123 verbose reify failed optional dependency C:\Practice\Prod\frontend\node_modules\@unrs\resolver-binding-linux-arm64-gnu
124 silly reify mark deleted [
124 silly reify   'C:\\Practice\\Prod\\frontend\\node_modules\\@unrs\\resolver-binding-linux-arm64-gnu'
124 silly reify ]
125 verbose reify failed optional dependency C:\Practice\Prod\frontend\node_modules\@unrs\resolver-binding-linux-arm-musleabihf
126 silly reify mark deleted [
126 silly reify   'C:\\Practice\\Prod\\frontend\\node_modules\\@unrs\\resolver-binding-linux-arm-musleabihf'
126 silly reify ]
127 verbose reify failed optional dependency C:\Practice\Prod\frontend\node_modules\@unrs\resolver-binding-linux-arm-gnueabihf
128 silly reify mark deleted [
128 silly reify   'C:\\Practice\\Prod\\frontend\\node_modules\\@unrs\\resolver-binding-linux-arm-gnueabihf'
128 silly reify ]
129 verbose reify failed optional dependency C:\Practice\Prod\frontend\node_modules\@unrs\resolver-binding-freebsd-x64
130 silly reify mark deleted [
130 silly reify   'C:\\Practice\\Prod\\frontend\\node_modules\\@unrs\\resolver-binding-freebsd-x64'
130 silly reify ]
131 verbose reify failed optional dependency C:\Practice\Prod\frontend\node_modules\@unrs\resolver-binding-darwin-x64
132 silly reify mark deleted [
132 silly reify   'C:\\Practice\\Prod\\frontend\\node_modules\\@unrs\\resolver-binding-darwin-x64'
132 silly reify ]
133 verbose reify failed optional dependency C:\Practice\Prod\frontend\node_modules\@unrs\resolver-binding-darwin-arm64
134 silly reify mark deleted [
134 silly reify   'C:\\Practice\\Prod\\frontend\\node_modules\\@unrs\\resolver-binding-darwin-arm64'
134 silly reify ]
135 verbose reify failed optional dependency C:\Practice\Prod\frontend\node_modules\@unrs\resolver-binding-android-arm64
136 silly reify mark deleted [
136 silly reify   'C:\\Practice\\Prod\\frontend\\node_modules\\@unrs\\resolver-binding-android-arm64'
136 silly reify ]
137 verbose reify failed optional dependency C:\Practice\Prod\frontend\node_modules\@unrs\resolver-binding-android-arm-eabi
138 silly reify mark deleted [
138 silly reify   'C:\\Practice\\Prod\\frontend\\node_modules\\@unrs\\resolver-binding-android-arm-eabi'
138 silly reify ]
139 verbose reify failed optional dependency C:\Practice\Prod\frontend\node_modules\@tailwindcss\oxide-win32-arm64-msvc
140 silly reify mark deleted [
140 silly reify   'C:\\Practice\\Prod\\frontend\\node_modules\\@tailwindcss\\oxide-win32-arm64-msvc'
140 silly reify ]
141 verbose reify failed optional dependency C:\Practice\Prod\frontend\node_modules\@tailwindcss\oxide-linux-x64-musl
142 silly reify mark deleted [
142 silly reify   'C:\\Practice\\Prod\\frontend\\node_modules\\@tailwindcss\\oxide-linux-x64-musl'
142 silly reify ]
143 verbose reify failed optional dependency C:\Practice\Prod\frontend\node_modules\@tailwindcss\oxide-linux-x64-gnu
144 silly reify mark deleted [
144 silly reify   'C:\\Practice\\Prod\\frontend\\node_modules\\@tailwindcss\\oxide-linux-x64-gnu'
144 silly reify ]
145 verbose reify failed optional dependency C:\Practice\Prod\frontend\node_modules\@tailwindcss\oxide-linux-arm64-musl
146 silly reify mark deleted [
146 silly reify   'C:\\Practice\\Prod\\frontend\\node_modules\\@tailwindcss\\oxide-linux-arm64-musl'
146 silly reify ]
147 verbose reify failed optional dependency C:\Practice\Prod\frontend\node_modules\@tailwindcss\oxide-linux-arm64-gnu
148 silly reify mark deleted [
148 silly reify   'C:\\Practice\\Prod\\frontend\\node_modules\\@tailwindcss\\oxide-linux-arm64-gnu'
148 silly reify ]
149 verbose reify failed optional dependency C:\Practice\Prod\frontend\node_modules\@tailwindcss\oxide-linux-arm-gnueabihf
150 silly reify mark deleted [
150 silly reify   'C:\\Practice\\Prod\\frontend\\node_modules\\@tailwindcss\\oxide-linux-arm-gnueabihf'
150 silly reify ]
151 verbose reify failed optional dependency C:\Practice\Prod\frontend\node_modules\@tailwindcss\oxide-freebsd-x64
152 silly reify mark deleted [
152 silly reify   'C:\\Practice\\Prod\\frontend\\node_modules\\@tailwindcss\\oxide-freebsd-x64'
152 silly reify ]
153 verbose reify failed optional dependency C:\Practice\Prod\frontend\node_modules\@tailwindcss\oxide-darwin-x64
154 silly reify mark deleted [
154 silly reify   'C:\\Practice\\Prod\\frontend\\node_modules\\@tailwindcss\\oxide-darwin-x64'
154 silly reify ]
155 verbose reify failed optional dependency C:\Practice\Prod\frontend\node_modules\@tailwindcss\oxide-darwin-arm64
156 silly reify mark deleted [
156 silly reify   'C:\\Practice\\Prod\\frontend\\node_modules\\@tailwindcss\\oxide-darwin-arm64'
156 silly reify ]
157 verbose reify failed optional dependency C:\Practice\Prod\frontend\node_modules\@tailwindcss\oxide-android-arm64
158 silly reify mark deleted [
158 silly reify   'C:\\Practice\\Prod\\frontend\\node_modules\\@tailwindcss\\oxide-android-arm64'
158 silly reify ]
159 verbose reify failed optional dependency C:\Practice\Prod\frontend\node_modules\@rollup\rollup-win32-ia32-msvc
160 silly reify mark deleted [
160 silly reify   'C:\\Practice\\Prod\\frontend\\node_modules\\@rollup\\rollup-win32-ia32-msvc'
160 silly reify ]
161 verbose reify failed optional dependency C:\Practice\Prod\frontend\node_modules\@rollup\rollup-win32-arm64-msvc
162 silly reify mark deleted [
162 silly reify   'C:\\Practice\\Prod\\frontend\\node_modules\\@rollup\\rollup-win32-arm64-msvc'
162 silly reify ]
163 verbose reify failed optional dependency C:\Practice\Prod\frontend\node_modules\@rollup\rollup-openharmony-arm64
164 silly reify mark deleted [
164 silly reify   'C:\\Practice\\Prod\\frontend\\node_modules\\@rollup\\rollup-openharmony-arm64'
164 silly reify ]
165 verbose reify failed optional dependency C:\Practice\Prod\frontend\node_modules\@rollup\rollup-openbsd-x64
166 silly reify mark deleted [
166 silly reify   'C:\\Practice\\Prod\\frontend\\node_modules\\@rollup\\rollup-openbsd-x64'
166 silly reify ]
167 verbose reify failed optional dependency C:\Practice\Prod\frontend\node_modules\@rollup\rollup-linux-x64-musl
168 silly reify mark deleted [
168 silly reify   'C:\\Practice\\Prod\\frontend\\node_modules\\@rollup\\rollup-linux-x64-musl'
168 silly reify ]
169 verbose reify failed optional dependency C:\Practice\Prod\frontend\node_modules\@rollup\rollup-linux-x64-gnu
170 silly reify mark deleted [
170 silly reify   'C:\\Practice\\Prod\\frontend\\node_modules\\@rollup\\rollup-linux-x64-gnu'
170 silly reify ]
171 verbose reify failed optional dependency C:\Practice\Prod\frontend\node_modules\@rollup\rollup-linux-s390x-gnu
172 silly reify mark deleted [
172 silly reify   'C:\\Practice\\Prod\\frontend\\node_modules\\@rollup\\rollup-linux-s390x-gnu'
172 silly reify ]
173 verbose reify failed optional dependency C:\Practice\Prod\frontend\node_modules\@rollup\rollup-linux-riscv64-musl
174 silly reify mark deleted [
174 silly reify   'C:\\Practice\\Prod\\frontend\\node_modules\\@rollup\\rollup-linux-riscv64-musl'
174 silly reify ]
175 verbose reify failed optional dependency C:\Practice\Prod\frontend\node_modules\@rollup\rollup-linux-riscv64-gnu
176 silly reify mark deleted [
176 silly reify   'C:\\Practice\\Prod\\frontend\\node_modules\\@rollup\\rollup-linux-riscv64-gnu'
176 silly reify ]
177 verbose reify failed optional dependency C:\Practice\Prod\frontend\node_modules\@rollup\rollup-linux-ppc64-musl
178 silly reify mark deleted [
178 silly reify   'C:\\Practice\\Prod\\frontend\\node_modules\\@rollup\\rollup-linux-ppc64-musl'
178 silly reify ]
179 verbose reify failed optional dependency C:\Practice\Prod\frontend\node_modules\@rollup\rollup-linux-ppc64-gnu
180 silly reify mark deleted [
180 silly reify   'C:\\Practice\\Prod\\frontend\\node_modules\\@rollup\\rollup-linux-ppc64-gnu'
180 silly reify ]
181 verbose reify failed optional dependency C:\Practice\Prod\frontend\node_modules\@rollup\rollup-linux-loong64-musl
182 silly reify mark deleted [
182 silly reify   'C:\\Practice\\Prod\\frontend\\node_modules\\@rollup\\rollup-linux-loong64-musl'
182 silly reify ]
183 verbose reify failed optional dependency C:\Practice\Prod\frontend\node_modules\@rollup\rollup-linux-loong64-gnu
184 silly reify mark deleted [
184 silly reify   'C:\\Practice\\Prod\\frontend\\node_modules\\@rollup\\rollup-linux-loong64-gnu'
184 silly reify ]
185 verbose reify failed optional dependency C:\Practice\Prod\frontend\node_modules\@rollup\rollup-linux-arm64-musl
186 silly reify mark deleted [
186 silly reify   'C:\\Practice\\Prod\\frontend\\node_modules\\@rollup\\rollup-linux-arm64-musl'
186 silly reify ]
187 verbose reify failed optional dependency C:\Practice\Prod\frontend\node_modules\@rollup\rollup-linux-arm64-gnu
188 silly reify mark deleted [
188 silly reify   'C:\\Practice\\Prod\\frontend\\node_modules\\@rollup\\rollup-linux-arm64-gnu'
188 silly reify ]
189 verbose reify failed optional dependency C:\Practice\Prod\frontend\node_modules\@rollup\rollup-linux-arm-musleabihf
190 silly reify mark deleted [
190 silly reify   'C:\\Practice\\Prod\\frontend\\node_modules\\@rollup\\rollup-linux-arm-musleabihf'
190 silly reify ]
191 verbose reify failed optional dependency C:\Practice\Prod\frontend\node_modules\@rollup\rollup-linux-arm-gnueabihf
192 silly reify mark deleted [
192 silly reify   'C:\\Practice\\Prod\\frontend\\node_modules\\@rollup\\rollup-linux-arm-gnueabihf'
192 silly reify ]
193 verbose reify failed optional dependency C:\Practice\Prod\frontend\node_modules\@rollup\rollup-freebsd-x64
194 silly reify mark deleted [
194 silly reify   'C:\\Practice\\Prod\\frontend\\node_modules\\@rollup\\rollup-freebsd-x64'
194 silly reify ]
195 verbose reify failed optional dependency C:\Practice\Prod\frontend\node_modules\@rollup\rollup-freebsd-arm64
196 silly reify mark deleted [
196 silly reify   'C:\\Practice\\Prod\\frontend\\node_modules\\@rollup\\rollup-freebsd-arm64'
196 silly reify ]
197 verbose reify failed optional dependency C:\Practice\Prod\frontend\node_modules\@rollup\rollup-darwin-x64
198 silly reify mark deleted [
198 silly reify   'C:\\Practice\\Prod\\frontend\\node_modules\\@rollup\\rollup-darwin-x64'
198 silly reify ]
199 verbose reify failed optional dependency C:\Practice\Prod\frontend\node_modules\@rollup\rollup-darwin-arm64
200 silly reify mark deleted [
200 silly reify   'C:\\Practice\\Prod\\frontend\\node_modules\\@rollup\\rollup-darwin-arm64'
200 silly reify ]
201 verbose reify failed optional dependency C:\Practice\Prod\frontend\node_modules\@rollup\rollup-android-arm64
202 silly reify mark deleted [
202 silly reify   'C:\\Practice\\Prod\\frontend\\node_modules\\@rollup\\rollup-android-arm64'
202 silly reify ]
203 verbose reify failed optional dependency C:\Practice\Prod\frontend\node_modules\@rollup\rollup-android-arm-eabi
204 silly reify mark deleted [
204 silly reify   'C:\\Practice\\Prod\\frontend\\node_modules\\@rollup\\rollup-android-arm-eabi'
204 silly reify ]
205 verbose reify failed optional dependency C:\Practice\Prod\frontend\node_modules\@next\swc-win32-arm64-msvc
206 silly reify mark deleted [
206 silly reify   'C:\\Practice\\Prod\\frontend\\node_modules\\@next\\swc-win32-arm64-msvc'
206 silly reify ]
207 verbose reify failed optional dependency C:\Practice\Prod\frontend\node_modules\@next\swc-linux-x64-musl
208 silly reify mark deleted [
208 silly reify   'C:\\Practice\\Prod\\frontend\\node_modules\\@next\\swc-linux-x64-musl'
208 silly reify ]
209 verbose reify failed optional dependency C:\Practice\Prod\frontend\node_modules\@next\swc-linux-x64-gnu
210 silly reify mark deleted [
210 silly reify   'C:\\Practice\\Prod\\frontend\\node_modules\\@next\\swc-linux-x64-gnu'
210 silly reify ]
211 verbose reify failed optional dependency C:\Practice\Prod\frontend\node_modules\@next\swc-linux-arm64-musl
212 silly reify mark deleted [
212 silly reify   'C:\\Practice\\Prod\\frontend\\node_modules\\@next\\swc-linux-arm64-musl'
212 silly reify ]
213 verbose reify failed optional dependency C:\Practice\Prod\frontend\node_modules\@next\swc-linux-arm64-gnu
214 silly reify mark deleted [
214 silly reify   'C:\\Practice\\Prod\\frontend\\node_modules\\@next\\swc-linux-arm64-gnu'
214 silly reify ]
215 verbose reify failed optional dependency C:\Practice\Prod\frontend\node_modules\@next\swc-darwin-x64
216 silly reify mark deleted [ 'C:\\Practice\\Prod\\frontend\\node_modules\\@next\\swc-darwin-x64' ]
217 verbose reify failed optional dependency C:\Practice\Prod\frontend\node_modules\@next\swc-darwin-arm64
218 silly reify mark deleted [
218 silly reify   'C:\\Practice\\Prod\\frontend\\node_modules\\@next\\swc-darwin-arm64'
218 silly reify ]
219 verbose reify failed optional dependency C:\Practice\Prod\frontend\node_modules\@img\sharp-win32-ia32
220 silly reify mark deleted [
220 silly reify   'C:\\Practice\\Prod\\frontend\\node_modules\\@img\\sharp-win32-ia32'
220 silly reify ]
221 verbose reify failed optional dependency C:\Practice\Prod\frontend\node_modules\@img\sharp-win32-arm64
222 silly reify mark deleted [
222 silly reify   'C:\\Practice\\Prod\\frontend\\node_modules\\@img\\sharp-win32-arm64'
222 silly reify ]
223 verbose reify failed optional dependency C:\Practice\Prod\frontend\node_modules\@img\sharp-wasm32
224 silly reify mark deleted [ 'C:\\Practice\\Prod\\frontend\\node_modules\\@img\\sharp-wasm32' ]
225 verbose reify failed optional dependency C:\Practice\Prod\frontend\node_modules\@img\sharp-linuxmusl-x64
226 silly reify mark deleted [
226 silly reify   'C:\\Practice\\Prod\\frontend\\node_modules\\@img\\sharp-linuxmusl-x64'
226 silly reify ]
227 verbose reify failed optional dependency C:\Practice\Prod\frontend\node_modules\@img\sharp-linuxmusl-arm64
228 silly reify mark deleted [
228 silly reify   'C:\\Practice\\Prod\\frontend\\node_modules\\@img\\sharp-linuxmusl-arm64'
228 silly reify ]
229 verbose reify failed optional dependency C:\Practice\Prod\frontend\node_modules\@img\sharp-linux-x64
230 silly reify mark deleted [ 'C:\\Practice\\Prod\\frontend\\node_modules\\@img\\sharp-linux-x64' ]
231 verbose reify failed optional dependency C:\Practice\Prod\frontend\node_modules\@img\sharp-linux-s390x
232 silly reify mark deleted [
232 silly reify   'C:\\Practice\\Prod\\frontend\\node_modules\\@img\\sharp-linux-s390x'
232 silly reify ]
233 verbose reify failed optional dependency C:\Practice\Prod\frontend\node_modules\@img\sharp-linux-riscv64
234 silly reify mark deleted [
234 silly reify   'C:\\Practice\\Prod\\frontend\\node_modules\\@img\\sharp-linux-riscv64'
234 silly reify ]
235 verbose reify failed optional dependency C:\Practice\Prod\frontend\node_modules\@img\sharp-linux-ppc64
236 silly reify mark deleted [
236 silly reify   'C:\\Practice\\Prod\\frontend\\node_modules\\@img\\sharp-linux-ppc64'
236 silly reify ]
237 verbose reify failed optional dependency C:\Practice\Prod\frontend\node_modules\@img\sharp-linux-arm64
238 silly reify mark deleted [
238 silly reify   'C:\\Practice\\Prod\\frontend\\node_modules\\@img\\sharp-linux-arm64'
238 silly reify ]
239 verbose reify failed optional dependency C:\Practice\Prod\frontend\node_modules\@img\sharp-linux-arm
240 silly reify mark deleted [ 'C:\\Practice\\Prod\\frontend\\node_modules\\@img\\sharp-linux-arm' ]
241 verbose reify failed optional dependency C:\Practice\Prod\frontend\node_modules\@img\sharp-libvips-linuxmusl-x64
242 silly reify mark deleted [
242 silly reify   'C:\\Practice\\Prod\\frontend\\node_modules\\@img\\sharp-libvips-linuxmusl-x64'
242 silly reify ]
243 verbose reify failed optional dependency C:\Practice\Prod\frontend\node_modules\@img\sharp-libvips-linuxmusl-arm64
244 silly reify mark deleted [
244 silly reify   'C:\\Practice\\Prod\\frontend\\node_modules\\@img\\sharp-libvips-linuxmusl-arm64'
244 silly reify ]
245 verbose reify failed optional dependency C:\Practice\Prod\frontend\node_modules\@img\sharp-libvips-linux-x64
246 silly reify mark deleted [
246 silly reify   'C:\\Practice\\Prod\\frontend\\node_modules\\@img\\sharp-libvips-linux-x64'
246 silly reify ]
247 verbose reify failed optional dependency C:\Practice\Prod\frontend\node_modules\@img\sharp-libvips-linux-s390x
248 silly reify mark deleted [
248 silly reify   'C:\\Practice\\Prod\\frontend\\node_modules\\@img\\sharp-libvips-linux-s390x'
248 silly reify ]
249 verbose reify failed optional dependency C:\Practice\Prod\frontend\node_modules\@img\sharp-libvips-linux-riscv64
250 silly reify mark deleted [
250 silly reify   'C:\\Practice\\Prod\\frontend\\node_modules\\@img\\sharp-libvips-linux-riscv64'
250 silly reify ]
251 verbose reify failed optional dependency C:\Practice\Prod\frontend\node_modules\@img\sharp-libvips-linux-ppc64
252 silly reify mark deleted [
252 silly reify   'C:\\Practice\\Prod\\frontend\\node_modules\\@img\\sharp-libvips-linux-ppc64'
252 silly reify ]
253 verbose reify failed optional dependency C:\Practice\Prod\frontend\node_modules\@img\sharp-libvips-linux-arm64
254 silly reify mark deleted [
254 silly reify   'C:\\Practice\\Prod\\frontend\\node_modules\\@img\\sharp-libvips-linux-arm64'
254 silly reify ]
255 verbose reify failed optional dependency C:\Practice\Prod\frontend\node_modules\@img\sharp-libvips-linux-arm
256 silly reify mark deleted [
256 silly reify   'C:\\Practice\\Prod\\frontend\\node_modules\\@img\\sharp-libvips-linux-arm'
256 silly reify ]
257 verbose reify failed optional dependency C:\Practice\Prod\frontend\node_modules\@img\sharp-libvips-darwin-x64
258 silly reify mark deleted [
258 silly reify   'C:\\Practice\\Prod\\frontend\\node_modules\\@img\\sharp-libvips-darwin-x64'
258 silly reify ]
259 verbose reify failed optional dependency C:\Practice\Prod\frontend\node_modules\@img\sharp-libvips-darwin-arm64
260 silly reify mark deleted [
260 silly reify   'C:\\Practice\\Prod\\frontend\\node_modules\\@img\\sharp-libvips-darwin-arm64'
260 silly reify ]
261 verbose reify failed optional dependency C:\Practice\Prod\frontend\node_modules\@img\sharp-darwin-x64
262 silly reify mark deleted [
262 silly reify   'C:\\Practice\\Prod\\frontend\\node_modules\\@img\\sharp-darwin-x64'
262 silly reify ]
263 verbose reify failed optional dependency C:\Practice\Prod\frontend\node_modules\@img\sharp-darwin-arm64
264 silly reify mark deleted [
264 silly reify   'C:\\Practice\\Prod\\frontend\\node_modules\\@img\\sharp-darwin-arm64'
264 silly reify ]
265 verbose reify failed optional dependency C:\Practice\Prod\frontend\node_modules\@esbuild\win32-ia32
266 silly reify mark deleted [ 'C:\\Practice\\Prod\\frontend\\node_modules\\@esbuild\\win32-ia32' ]
267 verbose reify failed optional dependency C:\Practice\Prod\frontend\node_modules\@esbuild\win32-arm64
268 silly reify mark deleted [ 'C:\\Practice\\Prod\\frontend\\node_modules\\@esbuild\\win32-arm64' ]
269 verbose reify failed optional dependency C:\Practice\Prod\frontend\node_modules\@esbuild\sunos-x64
270 silly reify mark deleted [ 'C:\\Practice\\Prod\\frontend\\node_modules\\@esbuild\\sunos-x64' ]
271 verbose reify failed optional dependency C:\Practice\Prod\frontend\node_modules\@esbuild\openharmony-arm64
272 silly reify mark deleted [
272 silly reify   'C:\\Practice\\Prod\\frontend\\node_modules\\@esbuild\\openharmony-arm64'
272 silly reify ]
273 verbose reify failed optional dependency C:\Practice\Prod\frontend\node_modules\@esbuild\openbsd-x64
274 silly reify mark deleted [ 'C:\\Practice\\Prod\\frontend\\node_modules\\@esbuild\\openbsd-x64' ]
275 verbose reify failed optional dependency C:\Practice\Prod\frontend\node_modules\@esbuild\openbsd-arm64
276 silly reify mark deleted [
276 silly reify   'C:\\Practice\\Prod\\frontend\\node_modules\\@esbuild\\openbsd-arm64'
276 silly reify ]
277 verbose reify failed optional dependency C:\Practice\Prod\frontend\node_modules\@esbuild\netbsd-x64
278 silly reify mark deleted [ 'C:\\Practice\\Prod\\frontend\\node_modules\\@esbuild\\netbsd-x64' ]
279 verbose reify failed optional dependency C:\Practice\Prod\frontend\node_modules\@esbuild\netbsd-arm64
280 silly reify mark deleted [
280 silly reify   'C:\\Practice\\Prod\\frontend\\node_modules\\@esbuild\\netbsd-arm64'
280 silly reify ]
281 verbose reify failed optional dependency C:\Practice\Prod\frontend\node_modules\@esbuild\linux-x64
282 silly reify mark deleted [ 'C:\\Practice\\Prod\\frontend\\node_modules\\@esbuild\\linux-x64' ]
283 verbose reify failed optional dependency C:\Practice\Prod\frontend\node_modules\@esbuild\linux-s390x
284 silly reify mark deleted [ 'C:\\Practice\\Prod\\frontend\\node_modules\\@esbuild\\linux-s390x' ]
285 verbose reify failed optional dependency C:\Practice\Prod\frontend\node_modules\@esbuild\linux-riscv64
286 silly reify mark deleted [
286 silly reify   'C:\\Practice\\Prod\\frontend\\node_modules\\@esbuild\\linux-riscv64'
286 silly reify ]
287 verbose reify failed optional dependency C:\Practice\Prod\frontend\node_modules\@esbuild\linux-ppc64
288 silly reify mark deleted [ 'C:\\Practice\\Prod\\frontend\\node_modules\\@esbuild\\linux-ppc64' ]
289 verbose reify failed optional dependency C:\Practice\Prod\frontend\node_modules\@esbuild\linux-mips64el
290 silly reify mark deleted [
290 silly reify   'C:\\Practice\\Prod\\frontend\\node_modules\\@esbuild\\linux-mips64el'
290 silly reify ]
291 verbose reify failed optional dependency C:\Practice\Prod\frontend\node_modules\@esbuild\linux-loong64
292 silly reify mark deleted [
292 silly reify   'C:\\Practice\\Prod\\frontend\\node_modules\\@esbuild\\linux-loong64'
292 silly reify ]
293 verbose reify failed optional dependency C:\Practice\Prod\frontend\node_modules\@esbuild\linux-ia32
294 silly reify mark deleted [ 'C:\\Practice\\Prod\\frontend\\node_modules\\@esbuild\\linux-ia32' ]
295 verbose reify failed optional dependency C:\Practice\Prod\frontend\node_modules\@esbuild\linux-arm64
296 silly reify mark deleted [ 'C:\\Practice\\Prod\\frontend\\node_modules\\@esbuild\\linux-arm64' ]
297 verbose reify failed optional dependency C:\Practice\Prod\frontend\node_modules\@esbuild\linux-arm
298 silly reify mark deleted [ 'C:\\Practice\\Prod\\frontend\\node_modules\\@esbuild\\linux-arm' ]
299 verbose reify failed optional dependency C:\Practice\Prod\frontend\node_modules\@esbuild\freebsd-x64
300 silly reify mark deleted [ 'C:\\Practice\\Prod\\frontend\\node_modules\\@esbuild\\freebsd-x64' ]
301 verbose reify failed optional dependency C:\Practice\Prod\frontend\node_modules\@esbuild\freebsd-arm64
302 silly reify mark deleted [
302 silly reify   'C:\\Practice\\Prod\\frontend\\node_modules\\@esbuild\\freebsd-arm64'
302 silly reify ]
303 verbose reify failed optional dependency C:\Practice\Prod\frontend\node_modules\@esbuild\darwin-x64
304 silly reify mark deleted [ 'C:\\Practice\\Prod\\frontend\\node_modules\\@esbuild\\darwin-x64' ]
305 verbose reify failed optional dependency C:\Practice\Prod\frontend\node_modules\@esbuild\darwin-arm64
306 silly reify mark deleted [
306 silly reify   'C:\\Practice\\Prod\\frontend\\node_modules\\@esbuild\\darwin-arm64'
306 silly reify ]
307 verbose reify failed optional dependency C:\Practice\Prod\frontend\node_modules\@esbuild\android-x64
308 silly reify mark deleted [ 'C:\\Practice\\Prod\\frontend\\node_modules\\@esbuild\\android-x64' ]
309 verbose reify failed optional dependency C:\Practice\Prod\frontend\node_modules\@esbuild\android-arm64
310 silly reify mark deleted [
310 silly reify   'C:\\Practice\\Prod\\frontend\\node_modules\\@esbuild\\android-arm64'
310 silly reify ]
311 verbose reify failed optional dependency C:\Practice\Prod\frontend\node_modules\@esbuild\android-arm
312 silly reify mark deleted [ 'C:\\Practice\\Prod\\frontend\\node_modules\\@esbuild\\android-arm' ]
313 verbose reify failed optional dependency C:\Practice\Prod\frontend\node_modules\@esbuild\aix-ppc64
314 silly reify mark deleted [ 'C:\\Practice\\Prod\\frontend\\node_modules\\@esbuild\\aix-ppc64' ]
315 http cache dequal@https://registry.npmjs.org/dequal/-/dequal-2.0.3.tgz 0ms (cache hit)
316 http cache ansi-regex@https://registry.npmjs.org/ansi-regex/-/ansi-regex-5.0.1.tgz 0ms (cache hit)
317 http cache pretty-format@https://registry.npmjs.org/pretty-format/-/pretty-format-27.5.1.tgz 0ms (cache hit)
318 http cache lz-string@https://registry.npmjs.org/lz-string/-/lz-string-1.5.0.tgz 0ms (cache hit)
319 http cache @types/aria-query@https://registry.npmjs.org/@types/aria-query/-/aria-query-5.0.4.tgz 0ms (cache hit)
320 http cache @testing-library/dom@https://registry.npmjs.org/@testing-library/dom/-/dom-10.4.1.tgz 0ms (cache hit)
321 http cache react-is@https://registry.npmjs.org/react-is/-/react-is-17.0.2.tgz 0ms (cache hit)
322 http cache picomatch@https://registry.npmjs.org/picomatch/-/picomatch-4.0.3.tgz 0ms (cache hit)
323 http cache ansi-styles@https://registry.npmjs.org/ansi-styles/-/ansi-styles-5.2.0.tgz 0ms (cache hit)
324 http cache dom-accessibility-api@https://registry.npmjs.org/dom-accessibility-api/-/dom-accessibility-api-0.5.16.tgz 1ms (cache hit)
325 silly tarball no local data for dequal@https://registry.npmjs.org/dequal/-/dequal-2.0.3.tgz. Extracting by manifest.
326 silly tarball no local data for ansi-regex@https://registry.npmjs.org/ansi-regex/-/ansi-regex-5.0.1.tgz. Extracting by manifest.
327 silly tarball no local data for pretty-format@https://registry.npmjs.org/pretty-format/-/pretty-format-27.5.1.tgz. Extracting by manifest.
328 silly tarball no local data for lz-string@https://registry.npmjs.org/lz-string/-/lz-string-1.5.0.tgz. Extracting by manifest.
329 silly tarball no local data for @types/aria-query@https://registry.npmjs.org/@types/aria-query/-/aria-query-5.0.4.tgz. Extracting by manifest.
330 silly tarball no local data for @testing-library/dom@https://registry.npmjs.org/@testing-library/dom/-/dom-10.4.1.tgz. Extracting by manifest.
331 silly tarball no local data for react-is@https://registry.npmjs.org/react-is/-/react-is-17.0.2.tgz. Extracting by manifest.
332 silly tarball no local data for ansi-styles@https://registry.npmjs.org/ansi-styles/-/ansi-styles-5.2.0.tgz. Extracting by manifest.
333 http cache picomatch@https://registry.npmjs.org/picomatch/-/picomatch-2.3.1.tgz 0ms (cache hit)
334 silly tarball no local data for dom-accessibility-api@https://registry.npmjs.org/dom-accessibility-api/-/dom-accessibility-api-0.5.16.tgz. Extracting by manifest.
335 http cache aria-query@https://registry.npmjs.org/aria-query/-/aria-query-5.3.0.tgz 1ms (cache hit)
336 silly tarball no local data for picomatch@https://registry.npmjs.org/picomatch/-/picomatch-2.3.1.tgz. Extracting by manifest.
337 silly tarball no local data for aria-query@https://registry.npmjs.org/aria-query/-/aria-query-5.3.0.tgz. Extracting by manifest.
338 http fetch GET 200 https://registry.npmjs.org/dequal/-/dequal-2.0.3.tgz 161ms (cache miss)
339 http fetch GET 200 https://registry.npmjs.org/ansi-regex/-/ansi-regex-5.0.1.tgz 171ms (cache miss)
340 http fetch GET 200 https://registry.npmjs.org/ansi-styles/-/ansi-styles-5.2.0.tgz 241ms (cache miss)
341 http fetch GET 200 https://registry.npmjs.org/react-is/-/react-is-17.0.2.tgz 258ms (cache miss)
342 http fetch POST 200 https://registry.npmjs.org/-/npm/v1/security/advisories/bulk 405ms
343 silly audit report {}
344 http fetch GET 200 https://registry.npmjs.org/lz-string/-/lz-string-1.5.0.tgz 332ms (cache miss)
345 http fetch GET 200 https://registry.npmjs.org/picomatch/-/picomatch-2.3.1.tgz 304ms (cache miss)
346 http fetch GET 200 https://registry.npmjs.org/pretty-format/-/pretty-format-27.5.1.tgz 392ms (cache miss)
347 http fetch GET 200 https://registry.npmjs.org/@types/aria-query/-/aria-query-5.0.4.tgz 530ms (cache miss)
348 http fetch GET 200 https://registry.npmjs.org/dom-accessibility-api/-/dom-accessibility-api-0.5.16.tgz 755ms (cache miss)
349 http fetch GET 200 https://registry.npmjs.org/@testing-library/dom/-/dom-10.4.1.tgz 1015ms (cache miss)
350 http fetch GET 200 https://registry.npmjs.org/aria-query/-/aria-query-5.3.0.tgz 1529ms (cache miss)
351 silly ADD node_modules/dequal
352 silly ADD node_modules/ansi-regex
353 silly ADD node_modules/pretty-format
354 silly ADD node_modules/pretty-format/node_modules/react-is
355 silly ADD node_modules/pretty-format/node_modules/ansi-styles
356 silly ADD node_modules/lz-string
357 silly ADD node_modules/@types/aria-query
358 silly ADD node_modules/@testing-library/dom
359 silly ADD node_modules/@testing-library/dom/node_modules/dom-accessibility-api
360 silly ADD node_modules/@testing-library/dom/node_modules/aria-query
361 silly ADD node_modules/lightningcss-win32-arm64-msvc
362 silly ADD node_modules/lightningcss-linux-x64-musl
363 silly ADD node_modules/lightningcss-linux-x64-gnu
364 silly ADD node_modules/lightningcss-linux-arm64-musl
365 silly ADD node_modules/lightningcss-linux-arm64-gnu
366 silly ADD node_modules/lightningcss-linux-arm-gnueabihf
367 silly ADD node_modules/lightningcss-freebsd-x64
368 silly ADD node_modules/lightningcss-darwin-x64
369 silly ADD node_modules/lightningcss-darwin-arm64
370 silly ADD node_modules/lightningcss-android-arm64
371 silly ADD node_modules/fsevents
372 silly ADD node_modules/@unrs/resolver-binding-win32-ia32-msvc
373 silly ADD node_modules/@unrs/resolver-binding-win32-arm64-msvc
374 silly ADD node_modules/@unrs/resolver-binding-wasm32-wasi
375 silly ADD node_modules/@unrs/resolver-binding-linux-x64-musl
376 silly ADD node_modules/@unrs/resolver-binding-linux-x64-gnu
377 silly ADD node_modules/@unrs/resolver-binding-linux-s390x-gnu
378 silly ADD node_modules/@unrs/resolver-binding-linux-riscv64-musl
379 silly ADD node_modules/@unrs/resolver-binding-linux-riscv64-gnu
380 silly ADD node_modules/@unrs/resolver-binding-linux-ppc64-gnu
381 silly ADD node_modules/@unrs/resolver-binding-linux-arm64-musl
382 silly ADD node_modules/@unrs/resolver-binding-linux-arm64-gnu
383 silly ADD node_modules/@unrs/resolver-binding-linux-arm-musleabihf
384 silly ADD node_modules/@unrs/resolver-binding-linux-arm-gnueabihf
385 silly ADD node_modules/@unrs/resolver-binding-freebsd-x64
386 silly ADD node_modules/@unrs/resolver-binding-darwin-x64
387 silly ADD node_modules/@unrs/resolver-binding-darwin-arm64
388 silly ADD node_modules/@unrs/resolver-binding-android-arm64
389 silly ADD node_modules/@unrs/resolver-binding-android-arm-eabi
390 silly ADD node_modules/@tailwindcss/oxide-win32-arm64-msvc
391 silly ADD node_modules/@tailwindcss/oxide-wasm32-wasi
392 silly ADD node_modules/@tailwindcss/oxide-linux-x64-musl
393 silly ADD node_modules/@tailwindcss/oxide-linux-x64-gnu
394 silly ADD node_modules/@tailwindcss/oxide-linux-arm64-musl
395 silly ADD node_modules/@tailwindcss/oxide-linux-arm64-gnu
396 silly ADD node_modules/@tailwindcss/oxide-linux-arm-gnueabihf
397 silly ADD node_modules/@tailwindcss/oxide-freebsd-x64
398 silly ADD node_modules/@tailwindcss/oxide-darwin-x64
399 silly ADD node_modules/@tailwindcss/oxide-darwin-arm64
400 silly ADD node_modules/@tailwindcss/oxide-android-arm64
401 silly ADD node_modules/@rollup/rollup-win32-ia32-msvc
402 silly ADD node_modules/@rollup/rollup-win32-arm64-msvc
403 silly ADD node_modules/@rollup/rollup-openharmony-arm64
404 silly ADD node_modules/@rollup/rollup-openbsd-x64
405 silly ADD node_modules/@rollup/rollup-linux-x64-musl
406 silly ADD node_modules/@rollup/rollup-linux-x64-gnu
407 silly ADD node_modules/@rollup/rollup-linux-s390x-gnu
408 silly ADD node_modules/@rollup/rollup-linux-riscv64-musl
409 silly ADD node_modules/@rollup/rollup-linux-riscv64-gnu
410 silly ADD node_modules/@rollup/rollup-linux-ppc64-musl
411 silly ADD node_modules/@rollup/rollup-linux-ppc64-gnu
412 silly ADD node_modules/@rollup/rollup-linux-loong64-musl
413 silly ADD node_modules/@rollup/rollup-linux-loong64-gnu
414 silly ADD node_modules/@rollup/rollup-linux-arm64-musl
415 silly ADD node_modules/@rollup/rollup-linux-arm64-gnu
416 silly ADD node_modules/@rollup/rollup-linux-arm-musleabihf
417 silly ADD node_modules/@rollup/rollup-linux-arm-gnueabihf
418 silly ADD node_modules/@rollup/rollup-freebsd-x64
419 silly ADD node_modules/@rollup/rollup-freebsd-arm64
420 silly ADD node_modules/@rollup/rollup-darwin-x64
421 silly ADD node_modules/@rollup/rollup-darwin-arm64
422 silly ADD node_modules/@rollup/rollup-android-arm64
423 silly ADD node_modules/@rollup/rollup-android-arm-eabi
424 silly ADD node_modules/@next/swc-win32-arm64-msvc
425 silly ADD node_modules/@next/swc-linux-x64-musl
426 silly ADD node_modules/@next/swc-linux-x64-gnu
427 silly ADD node_modules/@next/swc-linux-arm64-musl
428 silly ADD node_modules/@next/swc-linux-arm64-gnu
429 silly ADD node_modules/@next/swc-darwin-x64
430 silly ADD node_modules/@next/swc-darwin-arm64
431 silly ADD node_modules/@img/sharp-win32-ia32
432 silly ADD node_modules/@img/sharp-win32-arm64
433 silly ADD node_modules/@img/sharp-wasm32
434 silly ADD node_modules/@img/sharp-linuxmusl-x64
435 silly ADD node_modules/@img/sharp-linuxmusl-arm64
436 silly ADD node_modules/@img/sharp-linux-x64
437 silly ADD node_modules/@img/sharp-linux-s390x
438 silly ADD node_modules/@img/sharp-linux-riscv64
439 silly ADD node_modules/@img/sharp-linux-ppc64
440 silly ADD node_modules/@img/sharp-linux-arm64
441 silly ADD node_modules/@img/sharp-linux-arm
442 silly ADD node_modules/@img/sharp-libvips-linuxmusl-x64
443 silly ADD node_modules/@img/sharp-libvips-linuxmusl-arm64
444 silly ADD node_modules/@img/sharp-libvips-linux-x64
445 silly ADD node_modules/@img/sharp-libvips-linux-s390x
446 silly ADD node_modules/@img/sharp-libvips-linux-riscv64
447 silly ADD node_modules/@img/sharp-libvips-linux-ppc64
448 silly ADD node_modules/@img/sharp-libvips-linux-arm64
449 silly ADD node_modules/@img/sharp-libvips-linux-arm
450 silly ADD node_modules/@img/sharp-libvips-darwin-x64
451 silly ADD node_modules/@img/sharp-libvips-darwin-arm64
452 silly ADD node_modules/@img/sharp-darwin-x64
453 silly ADD node_modules/@img/sharp-darwin-arm64
454 silly ADD node_modules/@esbuild/win32-ia32
455 silly ADD node_modules/@esbuild/win32-arm64
456 silly ADD node_modules/@esbuild/sunos-x64
457 silly ADD node_modules/@esbuild/openharmony-arm64
458 silly ADD node_modules/@esbuild/openbsd-x64
459 silly ADD node_modules/@esbuild/openbsd-arm64
460 silly ADD node_modules/@esbuild/netbsd-x64
461 silly ADD node_modules/@esbuild/netbsd-arm64
462 silly ADD node_modules/@esbuild/linux-x64
463 silly ADD node_modules/@esbuild/linux-s390x
464 silly ADD node_modules/@esbuild/linux-riscv64
465 silly ADD node_modules/@esbuild/linux-ppc64
466 silly ADD node_modules/@esbuild/linux-mips64el
467 silly ADD node_modules/@esbuild/linux-loong64
468 silly ADD node_modules/@esbuild/linux-ia32
469 silly ADD node_modules/@esbuild/linux-arm64
470 silly ADD node_modules/@esbuild/linux-arm
471 silly ADD node_modules/@esbuild/freebsd-x64
472 silly ADD node_modules/@esbuild/freebsd-arm64
473 silly ADD node_modules/@esbuild/darwin-x64
474 silly ADD node_modules/@esbuild/darwin-arm64
475 silly ADD node_modules/@esbuild/android-x64
476 silly ADD node_modules/@esbuild/android-arm64
477 silly ADD node_modules/@esbuild/android-arm
478 silly ADD node_modules/@esbuild/aix-ppc64
479 silly REMOVE node_modules/vitest/node_modules/picomatch
480 silly REMOVE node_modules/vite/node_modules/picomatch
481 silly REMOVE node_modules/tinyglobby/node_modules/picomatch
482 silly CHANGE node_modules/picomatch
483 silly ADD node_modules/micromatch/node_modules/picomatch
484 verbose cwd C:\Practice\Prod\frontend
485 verbose os Windows_NT 10.0.26200
486 verbose node v22.19.0
487 verbose npm  v11.6.1
488 verbose exit 0
489 info ok
