2026-03-05 10:16:41:1641 [34minfo[39m: [34mConnected to MongoDB[39m
2026-03-05 10:16:41:1641 [34minfo[39m: [34mListening to port 5000[39m
2026-03-05 10:48:50:4850 [34minfo[39m: [34mConnected to MongoDB[39m
2026-03-05 10:48:50:4850 [34minfo[39m: [34mListening to port 5000[39m
2026-03-05 10:52:59:5259 [34minfo[39m: [34mConnected to MongoDB[39m
2026-03-05 10:52:59:5259 [34minfo[39m: [34mListening to port 5000[39m
2026-03-05 10:53:21:5321 [34minfo[39m: [34mConnected to MongoDB[39m
2026-03-05 10:53:21:5321 [34minfo[39m: [34mListening to port 5000[39m
2026-03-05 10:53:36:5336 [34minfo[39m: [34mConnected to MongoDB[39m
2026-03-05 10:53:36:5336 [34minfo[39m: [34mListening to port 5000[39m
2026-03-05 10:54:23:5423 [34minfo[39m: [34mConnected to MongoDB[39m
2026-03-05 10:54:23:5423 [34minfo[39m: [34mListening to port 5000[39m
2026-03-05 11:08:31:831 [34minfo[39m: [34mConnected to MongoDB[39m
2026-03-05 11:08:31:831 [34minfo[39m: [34mListening to port 5000[39m
2026-03-05 11:50:04:504 [34minfo[39m: [34mConnected to MongoDB[39m
2026-03-05 11:50:04:504 [34minfo[39m: [34mListening to port 5000[39m
2026-03-05 12:17:56:1756 [34minfo[39m: [34mConnected to MongoDB[39m
2026-03-05 12:17:56:1756 [34minfo[39m: [34mConnected to Redis[39m
2026-03-05 12:17:57:1757 [34minfo[39m: [34mConnected to Redis[39m
2026-03-05 12:17:57:1757 [34minfo[39m: [34mListening to port 5000[39m
2026-03-05 12:27:09:279 [34minfo[39m: [34m::1 - - [05/Mar/2026:06:57:09 +0000] "OPTIONS /v1/auth/register HTTP/1.1" 204 0 "http://localhost:3000/" "Mozilla/5.0 (Windows NT 10.0; Win64; x64) AppleWebKit/537.36 (KHTML, like Gecko) Chrome/145.0.0.0 Safari/537.36"[39m
2026-03-05 12:27:10:2710 [34minfo[39m: [34m::1 - - [05/Mar/2026:06:57:10 +0000] "POST /v1/auth/register HTTP/1.1" 201 893 "http://localhost:3000/" "Mozilla/5.0 (Windows NT 10.0; Win64; x64) AppleWebKit/537.36 (KHTML, like Gecko) Chrome/145.0.0.0 Safari/537.36"[39m
2026-03-05 12:27:16:2716 [34minfo[39m: [34m::1 - - [05/Mar/2026:06:57:16 +0000] "OPTIONS /v1/projects HTTP/1.1" 204 0 "http://localhost:3000/" "Mozilla/5.0 (Windows NT 10.0; Win64; x64) AppleWebKit/537.36 (KHTML, like Gecko) Chrome/145.0.0.0 Safari/537.36"[39m
2026-03-05 12:27:16:2716 [34minfo[39m: [34m::1 - - [05/Mar/2026:06:57:16 +0000] "GET /v1/projects HTTP/1.1" 200 2 "http://localhost:3000/" "Mozilla/5.0 (Windows NT 10.0; Win64; x64) AppleWebKit/537.36 (KHTML, like Gecko) Chrome/145.0.0.0 Safari/537.36"[39m
2026-03-05 12:27:17:2717 [34minfo[39m: [34m::1 - - [05/Mar/2026:06:57:17 +0000] "GET /v1/projects HTTP/1.1" 304 - "http://localhost:3000/" "Mozilla/5.0 (Windows NT 10.0; Win64; x64) AppleWebKit/537.36 (KHTML, like Gecko) Chrome/145.0.0.0 Safari/537.36"[39m
2026-03-05 12:28:05:285 [34minfo[39m: [34m::1 - - [05/Mar/2026:06:58:05 +0000] "OPTIONS /v1/projects HTTP/1.1" 204 0 "http://localhost:3000/" "Mozilla/5.0 (Windows NT 10.0; Win64; x64) AppleWebKit/537.36 (KHTML, like Gecko) Chrome/145.0.0.0 Safari/537.36"[39m
2026-03-05 12:28:05:285 [34minfo[39m: [34m::1 - - [05/Mar/2026:06:58:05 +0000] "OPTIONS /v1/projects HTTP/1.1" 204 0 "http://localhost:3000/" "Mozilla/5.0 (Windows NT 10.0; Win64; x64) AppleWebKit/537.36 (KHTML, like Gecko) Chrome/145.0.0.0 Safari/537.36"[39m
2026-03-05 12:28:05:285 [34minfo[39m: [34m::1 - - [05/Mar/2026:06:58:05 +0000] "GET /v1/projects HTTP/1.1" 304 - "http://localhost:3000/" "Mozilla/5.0 (Windows NT 10.0; Win64; x64) AppleWebKit/537.36 (KHTML, like Gecko) Chrome/145.0.0.0 Safari/537.36"[39m
2026-03-05 12:28:05:285 [34minfo[39m: [34m::1 - - [05/Mar/2026:06:58:05 +0000] "GET /v1/projects HTTP/1.1" 304 - "http://localhost:3000/" "Mozilla/5.0 (Windows NT 10.0; Win64; x64) AppleWebKit/537.36 (KHTML, like Gecko) Chrome/145.0.0.0 Safari/537.36"[39m
2026-03-05 12:28:46:2846 [34minfo[39m: [34m::1 - - [05/Mar/2026:06:58:46 +0000] "OPTIONS /v1/projects HTTP/1.1" 204 0 "http://localhost:3000/" "Mozilla/5.0 (Windows NT 10.0; Win64; x64) AppleWebKit/537.36 (KHTML, like Gecko) Chrome/145.0.0.0 Safari/537.36"[39m
2026-03-05 12:28:46:2846 [34minfo[39m: [34m::1 - - [05/Mar/2026:06:58:46 +0000] "OPTIONS /v1/projects HTTP/1.1" 204 0 "http://localhost:3000/" "Mozilla/5.0 (Windows NT 10.0; Win64; x64) AppleWebKit/537.36 (KHTML, like Gecko) Chrome/145.0.0.0 Safari/537.36"[39m
2026-03-05 12:28:46:2846 [34minfo[39m: [34m::1 - - [05/Mar/2026:06:58:46 +0000] "GET /v1/projects HTTP/1.1" 304 - "http://localhost:3000/" "Mozilla/5.0 (Windows NT 10.0; Win64; x64) AppleWebKit/537.36 (KHTML, like Gecko) Chrome/145.0.0.0 Safari/537.36"[39m
2026-03-05 12:28:46:2846 [34minfo[39m: [34m::1 - - [05/Mar/2026:06:58:46 +0000] "GET /v1/projects HTTP/1.1" 304 - "http://localhost:3000/" "Mozilla/5.0 (Windows NT 10.0; Win64; x64) AppleWebKit/537.36 (KHTML, like Gecko) Chrome/145.0.0.0 Safari/537.36"[39m
2026-03-05 12:30:38:3038 [34minfo[39m: [34m::1 - - [05/Mar/2026:07:00:38 +0000] "OPTIONS /v1/projects HTTP/1.1" 204 0 "http://localhost:3000/" "Mozilla/5.0 (Windows NT 10.0; Win64; x64) AppleWebKit/537.36 (KHTML, like Gecko) Chrome/145.0.0.0 Safari/537.36"[39m
2026-03-05 12:30:38:3038 [34minfo[39m: [34m::1 - - [05/Mar/2026:07:00:38 +0000] "OPTIONS /v1/projects HTTP/1.1" 204 0 "http://localhost:3000/" "Mozilla/5.0 (Windows NT 10.0; Win64; x64) AppleWebKit/537.36 (KHTML, like Gecko) Chrome/145.0.0.0 Safari/537.36"[39m
2026-03-05 12:30:38:3038 [34minfo[39m: [34m::1 - - [05/Mar/2026:07:00:38 +0000] "GET /v1/projects HTTP/1.1" 304 - "http://localhost:3000/" "Mozilla/5.0 (Windows NT 10.0; Win64; x64) AppleWebKit/537.36 (KHTML, like Gecko) Chrome/145.0.0.0 Safari/537.36"[39m
2026-03-05 12:30:38:3038 [34minfo[39m: [34m::1 - - [05/Mar/2026:07:00:38 +0000] "GET /v1/projects HTTP/1.1" 304 - "http://localhost:3000/" "Mozilla/5.0 (Windows NT 10.0; Win64; x64) AppleWebKit/537.36 (KHTML, like Gecko) Chrome/145.0.0.0 Safari/537.36"[39m
2026-03-05 12:31:07:317 [34minfo[39m: [34m::1 - - [05/Mar/2026:07:01:07 +0000] "OPTIONS /v1/projects HTTP/1.1" 204 0 "http://localhost:3000/" "Mozilla/5.0 (Windows NT 10.0; Win64; x64) AppleWebKit/537.36 (KHTML, like Gecko) Chrome/145.0.0.0 Safari/537.36"[39m
2026-03-05 12:31:07:317 [34minfo[39m: [34m::1 - - [05/Mar/2026:07:01:07 +0000] "POST /v1/projects HTTP/1.1" 201 221 "http://localhost:3000/" "Mozilla/5.0 (Windows NT 10.0; Win64; x64) AppleWebKit/537.36 (KHTML, like Gecko) Chrome/145.0.0.0 Safari/537.36"[39m
2026-03-05 12:32:23:3223 [34minfo[39m: [34m::1 - - [05/Mar/2026:07:02:23 +0000] "OPTIONS /v1/projects HTTP/1.1" 204 0 "http://localhost:3000/" "Mozilla/5.0 (Windows NT 10.0; Win64; x64) AppleWebKit/537.36 (KHTML, like Gecko) Chrome/145.0.0.0 Safari/537.36"[39m
2026-03-05 12:32:23:3223 [34minfo[39m: [34m::1 - - [05/Mar/2026:07:02:23 +0000] "GET /v1/projects HTTP/1.1" 200 223 "http://localhost:3000/" "Mozilla/5.0 (Windows NT 10.0; Win64; x64) AppleWebKit/537.36 (KHTML, like Gecko) Chrome/145.0.0.0 Safari/537.36"[39m
2026-03-05 12:33:11:3311 [34minfo[39m: [34m::1 - - [05/Mar/2026:07:03:11 +0000] "OPTIONS /v1/projects HTTP/1.1" 204 0 "http://localhost:3000/" "Mozilla/5.0 (Windows NT 10.0; Win64; x64) AppleWebKit/537.36 (KHTML, like Gecko) Chrome/145.0.0.0 Safari/537.36"[39m
2026-03-05 12:33:11:3311 [34minfo[39m: [34m::1 - - [05/Mar/2026:07:03:11 +0000] "GET /v1/projects HTTP/1.1" 304 - "http://localhost:3000/" "Mozilla/5.0 (Windows NT 10.0; Win64; x64) AppleWebKit/537.36 (KHTML, like Gecko) Chrome/145.0.0.0 Safari/537.36"[39m
2026-03-05 12:35:41:3541 [34minfo[39m: [34m::1 - - [05/Mar/2026:07:05:41 +0000] "OPTIONS /v1/projects HTTP/1.1" 204 0 "http://localhost:3000/" "Mozilla/5.0 (Windows NT 10.0; Win64; x64) AppleWebKit/537.36 (KHTML, like Gecko) Chrome/145.0.0.0 Safari/537.36"[39m
2026-03-05 12:35:41:3541 [34minfo[39m: [34m::1 - - [05/Mar/2026:07:05:41 +0000] "OPTIONS /v1/projects HTTP/1.1" 204 0 "http://localhost:3000/" "Mozilla/5.0 (Windows NT 10.0; Win64; x64) AppleWebKit/537.36 (KHTML, like Gecko) Chrome/145.0.0.0 Safari/537.36"[39m
2026-03-05 12:35:41:3541 [34minfo[39m: [34m::1 - - [05/Mar/2026:07:05:41 +0000] "GET /v1/projects HTTP/1.1" 304 - "http://localhost:3000/" "Mozilla/5.0 (Windows NT 10.0; Win64; x64) AppleWebKit/537.36 (KHTML, like Gecko) Chrome/145.0.0.0 Safari/537.36"[39m
2026-03-05 12:35:41:3541 [34minfo[39m: [34m::1 - - [05/Mar/2026:07:05:41 +0000] "GET /v1/projects HTTP/1.1" 304 - "http://localhost:3000/" "Mozilla/5.0 (Windows NT 10.0; Win64; x64) AppleWebKit/537.36 (KHTML, like Gecko) Chrome/145.0.0.0 Safari/537.36"[39m
2026-03-05 12:41:39:4139 [34minfo[39m: [34m::1 - - [05/Mar/2026:07:11:39 +0000] "OPTIONS /v1/projects HTTP/1.1" 204 0 "http://localhost:3000/" "Mozilla/5.0 (Windows NT 10.0; Win64; x64) AppleWebKit/537.36 (KHTML, like Gecko) Chrome/145.0.0.0 Safari/537.36"[39m
2026-03-05 12:41:39:4139 [34minfo[39m: [34m::1 - - [05/Mar/2026:07:11:39 +0000] "GET /v1/projects HTTP/1.1" 304 - "http://localhost:3000/" "Mozilla/5.0 (Windows NT 10.0; Win64; x64) AppleWebKit/537.36 (KHTML, like Gecko) Chrome/145.0.0.0 Safari/537.36"[39m
2026-03-05 12:43:59:4359 [34minfo[39m: [34m::1 - - [05/Mar/2026:07:13:59 +0000] "OPTIONS /v1/projects HTTP/1.1" 204 0 "http://localhost:3000/" "Mozilla/5.0 (Windows NT 10.0; Win64; x64) AppleWebKit/537.36 (KHTML, like Gecko) Chrome/145.0.0.0 Safari/537.36"[39m
2026-03-05 12:43:59:4359 [34minfo[39m: [34m::1 - - [05/Mar/2026:07:13:59 +0000] "GET /v1/projects HTTP/1.1" 304 - "http://localhost:3000/" "Mozilla/5.0 (Windows NT 10.0; Win64; x64) AppleWebKit/537.36 (KHTML, like Gecko) Chrome/145.0.0.0 Safari/537.36"[39m
2026-03-05 12:53:05:535 [34minfo[39m: [34m::1 - - [05/Mar/2026:07:23:05 +0000] "OPTIONS /v1/projects HTTP/1.1" 204 0 "http://localhost:3000/" "Mozilla/5.0 (Windows NT 10.0; Win64; x64) AppleWebKit/537.36 (KHTML, like Gecko) Chrome/145.0.0.0 Safari/537.36"[39m
2026-03-05 12:53:05:535 [34minfo[39m: [34m::1 - - [05/Mar/2026:07:23:05 +0000] "OPTIONS /v1/projects HTTP/1.1" 204 0 "http://localhost:3000/" "Mozilla/5.0 (Windows NT 10.0; Win64; x64) AppleWebKit/537.36 (KHTML, like Gecko) Chrome/145.0.0.0 Safari/537.36"[39m
2026-03-05 12:53:05:535 [34minfo[39m: [34m::1 - - [05/Mar/2026:07:23:05 +0000] "GET /v1/projects HTTP/1.1" 304 - "http://localhost:3000/" "Mozilla/5.0 (Windows NT 10.0; Win64; x64) AppleWebKit/537.36 (KHTML, like Gecko) Chrome/145.0.0.0 Safari/537.36"[39m
2026-03-05 12:53:05:535 [34minfo[39m: [34m::1 - - [05/Mar/2026:07:23:05 +0000] "GET /v1/projects HTTP/1.1" 304 - "http://localhost:3000/" "Mozilla/5.0 (Windows NT 10.0; Win64; x64) AppleWebKit/537.36 (KHTML, like Gecko) Chrome/145.0.0.0 Safari/537.36"[39m
2026-03-05 12:53:57:5357 [34minfo[39m: [34m::1 - - [05/Mar/2026:07:23:57 +0000] "OPTIONS /v1/projects HTTP/1.1" 204 0 "http://localhost:3000/" "Mozilla/5.0 (Windows NT 10.0; Win64; x64) AppleWebKit/537.36 (KHTML, like Gecko) Chrome/145.0.0.0 Safari/537.36"[39m
2026-03-05 12:53:57:5357 [34minfo[39m: [34m::1 - - [05/Mar/2026:07:23:57 +0000] "OPTIONS /v1/projects HTTP/1.1" 204 0 "http://localhost:3000/" "Mozilla/5.0 (Windows NT 10.0; Win64; x64) AppleWebKit/537.36 (KHTML, like Gecko) Chrome/145.0.0.0 Safari/537.36"[39m
2026-03-05 12:53:57:5357 [34minfo[39m: [34m::1 - - [05/Mar/2026:07:23:57 +0000] "GET /v1/projects HTTP/1.1" 304 - "http://localhost:3000/" "Mozilla/5.0 (Windows NT 10.0; Win64; x64) AppleWebKit/537.36 (KHTML, like Gecko) Chrome/145.0.0.0 Safari/537.36"[39m
2026-03-05 12:53:57:5357 [34minfo[39m: [34m::1 - - [05/Mar/2026:07:23:57 +0000] "GET /v1/projects HTTP/1.1" 304 - "http://localhost:3000/" "Mozilla/5.0 (Windows NT 10.0; Win64; x64) AppleWebKit/537.36 (KHTML, like Gecko) Chrome/145.0.0.0 Safari/537.36"[39m
2026-03-05 12:54:24:5424 [34minfo[39m: [34m::1 - - [05/Mar/2026:07:24:24 +0000] "OPTIONS /v1/projects HTTP/1.1" 204 0 "http://localhost:3000/" "Mozilla/5.0 (Windows NT 10.0; Win64; x64) AppleWebKit/537.36 (KHTML, like Gecko) Chrome/145.0.0.0 Safari/537.36"[39m
2026-03-05 12:54:24:5424 [34minfo[39m: [34m::1 - - [05/Mar/2026:07:24:24 +0000] "OPTIONS /v1/projects HTTP/1.1" 204 0 "http://localhost:3000/" "Mozilla/5.0 (Windows NT 10.0; Win64; x64) AppleWebKit/537.36 (KHTML, like Gecko) Chrome/145.0.0.0 Safari/537.36"[39m
2026-03-05 12:54:24:5424 [34minfo[39m: [34m::1 - - [05/Mar/2026:07:24:24 +0000] "GET /v1/projects HTTP/1.1" 304 - "http://localhost:3000/" "Mozilla/5.0 (Windows NT 10.0; Win64; x64) AppleWebKit/537.36 (KHTML, like Gecko) Chrome/145.0.0.0 Safari/537.36"[39m
2026-03-05 12:54:25:5425 [34minfo[39m: [34m::1 - - [05/Mar/2026:07:24:25 +0000] "GET /v1/projects HTTP/1.1" 304 - "http://localhost:3000/" "Mozilla/5.0 (Windows NT 10.0; Win64; x64) AppleWebKit/537.36 (KHTML, like Gecko) Chrome/145.0.0.0 Safari/537.36"[39m
2026-03-05 12:54:59:5459 [34minfo[39m: [34m::1 - - [05/Mar/2026:07:24:59 +0000] "OPTIONS /v1/projects HTTP/1.1" 204 0 "http://localhost:3000/" "Mozilla/5.0 (Windows NT 10.0; Win64; x64) AppleWebKit/537.36 (KHTML, like Gecko) Chrome/145.0.0.0 Safari/537.36"[39m
2026-03-05 12:54:59:5459 [34minfo[39m: [34m::1 - - [05/Mar/2026:07:24:59 +0000] "OPTIONS /v1/projects HTTP/1.1" 204 0 "http://localhost:3000/" "Mozilla/5.0 (Windows NT 10.0; Win64; x64) AppleWebKit/537.36 (KHTML, like Gecko) Chrome/145.0.0.0 Safari/537.36"[39m
2026-03-05 12:54:59:5459 [34minfo[39m: [34m::1 - - [05/Mar/2026:07:24:59 +0000] "GET /v1/projects HTTP/1.1" 304 - "http://localhost:3000/" "Mozilla/5.0 (Windows NT 10.0; Win64; x64) AppleWebKit/537.36 (KHTML, like Gecko) Chrome/145.0.0.0 Safari/537.36"[39m
2026-03-05 12:54:59:5459 [34minfo[39m: [34m::1 - - [05/Mar/2026:07:24:59 +0000] "GET /v1/projects HTTP/1.1" 304 - "http://localhost:3000/" "Mozilla/5.0 (Windows NT 10.0; Win64; x64) AppleWebKit/537.36 (KHTML, like Gecko) Chrome/145.0.0.0 Safari/537.36"[39m
2026-03-05 12:55:51:5551 [34minfo[39m: [34m::1 - - [05/Mar/2026:07:25:51 +0000] "OPTIONS /v1/projects HTTP/1.1" 204 0 "http://localhost:3000/" "Mozilla/5.0 (Windows NT 10.0; Win64; x64) AppleWebKit/537.36 (KHTML, like Gecko) Chrome/145.0.0.0 Safari/537.36"[39m
2026-03-05 12:55:51:5551 [34minfo[39m: [34m::1 - - [05/Mar/2026:07:25:51 +0000] "OPTIONS /v1/projects HTTP/1.1" 204 0 "http://localhost:3000/" "Mozilla/5.0 (Windows NT 10.0; Win64; x64) AppleWebKit/537.36 (KHTML, like Gecko) Chrome/145.0.0.0 Safari/537.36"[39m
2026-03-05 12:55:51:5551 [34minfo[39m: [34m::1 - - [05/Mar/2026:07:25:51 +0000] "GET /v1/projects HTTP/1.1" 304 - "http://localhost:3000/" "Mozilla/5.0 (Windows NT 10.0; Win64; x64) AppleWebKit/537.36 (KHTML, like Gecko) Chrome/145.0.0.0 Safari/537.36"[39m
2026-03-05 12:55:51:5551 [34minfo[39m: [34m::1 - - [05/Mar/2026:07:25:51 +0000] "GET /v1/projects HTTP/1.1" 304 - "http://localhost:3000/" "Mozilla/5.0 (Windows NT 10.0; Win64; x64) AppleWebKit/537.36 (KHTML, like Gecko) Chrome/145.0.0.0 Safari/537.36"[39m
2026-03-05 12:55:58:5558 [34minfo[39m: [34m::1 - - [05/Mar/2026:07:25:58 +0000] "OPTIONS /v1/projects/69a92a3345fdb1873586f522 HTTP/1.1" 204 0 "http://localhost:3000/" "Mozilla/5.0 (Windows NT 10.0; Win64; x64) AppleWebKit/537.36 (KHTML, like Gecko) Chrome/145.0.0.0 Safari/537.36"[39m
2026-03-05 12:55:58:5558 [34minfo[39m: [34m::1 - - [05/Mar/2026:07:25:58 +0000] "PATCH /v1/projects/69a92a3345fdb1873586f522 HTTP/1.1" 200 219 "http://localhost:3000/" "Mozilla/5.0 (Windows NT 10.0; Win64; x64) AppleWebKit/537.36 (KHTML, like Gecko) Chrome/145.0.0.0 Safari/537.36"[39m
2026-03-05 12:56:04:564 [34minfo[39m: [34m::1 - - [05/Mar/2026:07:26:04 +0000] "OPTIONS /v1/projects HTTP/1.1" 204 0 "http://localhost:3000/" "Mozilla/5.0 (Windows NT 10.0; Win64; x64) AppleWebKit/537.36 (KHTML, like Gecko) Chrome/145.0.0.0 Safari/537.36"[39m
2026-03-05 12:56:05:565 [34minfo[39m: [34m::1 - - [05/Mar/2026:07:26:05 +0000] "OPTIONS /v1/projects HTTP/1.1" 204 0 "http://localhost:3000/" "Mozilla/5.0 (Windows NT 10.0; Win64; x64) AppleWebKit/537.36 (KHTML, like Gecko) Chrome/145.0.0.0 Safari/537.36"[39m
2026-03-05 12:56:05:565 [34minfo[39m: [34m::1 - - [05/Mar/2026:07:26:05 +0000] "GET /v1/projects HTTP/1.1" 200 221 "http://localhost:3000/" "Mozilla/5.0 (Windows NT 10.0; Win64; x64) AppleWebKit/537.36 (KHTML, like Gecko) Chrome/145.0.0.0 Safari/537.36"[39m
2026-03-05 12:56:05:565 [34minfo[39m: [34m::1 - - [05/Mar/2026:07:26:05 +0000] "GET /v1/projects HTTP/1.1" 304 - "http://localhost:3000/" "Mozilla/5.0 (Windows NT 10.0; Win64; x64) AppleWebKit/537.36 (KHTML, like Gecko) Chrome/145.0.0.0 Safari/537.36"[39m
2026-03-07 12:51:57:5157 [34minfo[39m: [34mConnected to MongoDB[39m
2026-03-07 12:51:57:5157 [31merror[39m: [31mRedis Client Error[39m
2026-03-07 12:51:57:5157 [31merror[39m: [31mRedis Client Error[39m
2026-03-07 12:51:57:5157 [31merror[39m: [31mRedis Client Error[39m
2026-03-07 12:51:58:5158 [31merror[39m: [31mRedis Client Error[39m
2026-03-07 12:51:58:5158 [31merror[39m: [31mRedis Client Error[39m
2026-03-07 12:51:59:5159 [31merror[39m: [31mRedis Client Error[39m
2026-03-07 12:52:01:521 [31merror[39m: [31mRedis Client Error[39m
2026-03-07 12:52:03:523 [31merror[39m: [31mRedis Client Error[39m
2026-03-07 12:52:05:525 [31merror[39m: [31mRedis Client Error[39m
2026-03-07 12:52:07:527 [31merror[39m: [31mRedis Client Error[39m
2026-03-07 12:52:09:529 [31merror[39m: [31mRedis Client Error[39m
2026-03-07 12:52:11:5211 [31merror[39m: [31mRedis Client Error[39m
2026-03-07 12:52:13:5213 [31merror[39m: [31mRedis Client Error[39m
2026-03-07 12:52:16:5216 [31merror[39m: [31mRedis Client Error[39m
2026-03-07 12:52:18:5218 [31merror[39m: [31mRedis Client Error[39m
2026-03-07 12:52:20:5220 [31merror[39m: [31mRedis Client Error[39m
2026-03-07 12:52:22:5222 [31merror[39m: [31mRedis Client Error[39m
2026-03-07 12:52:24:5224 [31merror[39m: [31mRedis Client Error[39m
2026-03-07 12:52:26:5226 [31merror[39m: [31mRedis Client Error[39m
2026-03-07 12:52:28:5228 [31merror[39m: [31mRedis Client Error[39m
2026-03-07 12:52:31:5231 [31merror[39m: [31mRedis Client Error[39m
2026-03-07 12:52:33:5233 [31merror[39m: [31mRedis Client Error[39m
2026-03-07 12:52:35:5235 [31merror[39m: [31mRedis Client Error[39m
2026-03-07 12:52:37:5237 [31merror[39m: [31mRedis Client Error[39m
2026-03-07 12:52:39:5239 [31merror[39m: [31mRedis Client Error[39m
2026-03-07 12:52:41:5241 [31merror[39m: [31mRedis Client Error[39m
2026-03-07 12:52:43:5243 [31merror[39m: [31mRedis Client Error[39m
2026-03-07 12:52:45:5245 [31merror[39m: [31mRedis Client Error[39m
2026-03-07 12:52:48:5248 [31merror[39m: [31mRedis Client Error[39m
2026-03-07 12:52:50:5250 [31merror[39m: [31mRedis Client Error[39m
2026-03-07 12:52:52:5252 [31merror[39m: [31mRedis Client Error[39m
2026-03-07 12:52:54:5254 [31merror[39m: [31mRedis Client Error[39m
2026-03-07 12:52:56:5256 [31merror[39m: [31mRedis Client Error[39m
2026-03-07 12:52:58:5258 [31merror[39m: [31mRedis Client Error[39m
2026-03-07 12:53:01:531 [31merror[39m: [31mRedis Client Error[39m
2026-03-07 12:53:03:533 [31merror[39m: [31mRedis Client Error[39m
2026-03-07 12:53:05:535 [31merror[39m: [31mRedis Client Error[39m
2026-03-07 12:53:07:537 [31merror[39m: [31mRedis Client Error[39m
2026-03-07 12:53:09:539 [31merror[39m: [31mRedis Client Error[39m
2026-03-07 12:53:11:5311 [31merror[39m: [31mRedis Client Error[39m
2026-03-07 12:53:13:5313 [31merror[39m: [31mRedis Client Error[39m
2026-03-07 12:53:16:5316 [31merror[39m: [31mRedis Client Error[39m
2026-03-07 12:53:18:5318 [31merror[39m: [31mRedis Client Error[39m
2026-03-07 12:53:20:5320 [31merror[39m: [31mRedis Client Error[39m
2026-03-07 12:53:22:5322 [31merror[39m: [31mRedis Client Error[39m
2026-03-07 12:53:24:5324 [31merror[39m: [31mRedis Client Error[39m
2026-03-07 12:53:26:5326 [31merror[39m: [31mRedis Client Error[39m
2026-03-07 12:53:28:5328 [31merror[39m: [31mRedis Client Error[39m
2026-03-07 12:53:30:5330 [31merror[39m: [31mRedis Client Error[39m
2026-03-07 12:53:33:5333 [31merror[39m: [31mRedis Client Error[39m
2026-03-07 12:53:35:5335 [31merror[39m: [31mRedis Client Error[39m
2026-03-07 12:53:37:5337 [31merror[39m: [31mRedis Client Error[39m
2026-03-07 12:53:39:5339 [31merror[39m: [31mRedis Client Error[39m
2026-03-07 12:53:41:5341 [31merror[39m: [31mRedis Client Error[39m
2026-03-07 12:53:43:5343 [31merror[39m: [31mRedis Client Error[39m
2026-03-07 12:53:45:5345 [31merror[39m: [31mRedis Client Error[39m
2026-03-07 12:53:47:5347 [31merror[39m: [31mRedis Client Error[39m
2026-03-07 12:53:49:5349 [31merror[39m: [31mRedis Client Error[39m
2026-03-07 12:53:51:5351 [31merror[39m: [31mRedis Client Error[39m
2026-03-07 12:53:54:5354 [31merror[39m: [31mRedis Client Error[39m
2026-03-07 12:53:56:5356 [31merror[39m: [31mRedis Client Error[39m
2026-03-07 12:53:58:5358 [31merror[39m: [31mRedis Client Error[39m
2026-03-07 12:54:00:540 [31merror[39m: [31mRedis Client Error[39m
2026-03-07 12:54:03:543 [31merror[39m: [31mRedis Client Error[39m
2026-03-07 12:54:06:546 [31merror[39m: [31mRedis Client Error[39m
2026-03-07 12:54:08:548 [31merror[39m: [31mRedis Client Error[39m
2026-03-07 12:54:11:5411 [31merror[39m: [31mRedis Client Error[39m
2026-03-07 12:54:13:5413 [31merror[39m: [31mRedis Client Error[39m
2026-03-07 12:54:15:5415 [31merror[39m: [31mRedis Client Error[39m
2026-03-07 12:54:17:5417 [31merror[39m: [31mRedis Client Error[39m
2026-03-07 12:54:19:5419 [31merror[39m: [31mRedis Client Error[39m
2026-03-07 12:54:22:5422 [31merror[39m: [31mRedis Client Error[39m
2026-03-07 12:54:24:5424 [31merror[39m: [31mRedis Client Error[39m
2026-03-07 12:54:26:5426 [31merror[39m: [31mRedis Client Error[39m
2026-03-07 12:54:28:5428 [31merror[39m: [31mRedis Client Error[39m
2026-03-07 12:54:30:5430 [31merror[39m: [31mRedis Client Error[39m
2026-03-07 12:54:32:5432 [31merror[39m: [31mRedis Client Error[39m
2026-03-07 12:54:34:5434 [31merror[39m: [31mRedis Client Error[39m
2026-03-07 12:54:36:5436 [31merror[39m: [31mRedis Client Error[39m
2026-03-07 12:54:39:5439 [31merror[39m: [31mRedis Client Error[39m
2026-03-07 12:54:41:5441 [31merror[39m: [31mRedis Client Error[39m
2026-03-07 12:54:43:5443 [31merror[39m: [31mRedis Client Error[39m
2026-03-07 12:54:45:5445 [31merror[39m: [31mRedis Client Error[39m
2026-03-07 12:54:47:5447 [31merror[39m: [31mRedis Client Error[39m
2026-03-07 12:54:49:5449 [31merror[39m: [31mRedis Client Error[39m
2026-03-07 12:54:51:5451 [31merror[39m: [31mRedis Client Error[39m
2026-03-07 12:54:53:5453 [31merror[39m: [31mRedis Client Error[39m
2026-03-07 12:54:55:5455 [31merror[39m: [31mRedis Client Error[39m
2026-03-07 12:54:58:5458 [31merror[39m: [31mRedis Client Error[39m
2026-03-07 12:55:00:550 [31merror[39m: [31mRedis Client Error[39m
2026-03-07 12:55:02:552 [31merror[39m: [31mRedis Client Error[39m
2026-03-07 12:55:04:554 [31merror[39m: [31mRedis Client Error[39m
2026-03-07 12:55:06:556 [31merror[39m: [31mRedis Client Error[39m
2026-03-07 12:55:08:558 [31merror[39m: [31mRedis Client Error[39m
2026-03-07 12:55:10:5510 [31merror[39m: [31mRedis Client Error[39m
2026-03-07 12:55:12:5512 [31merror[39m: [31mRedis Client Error[39m
2026-03-07 12:55:15:5515 [31merror[39m: [31mRedis Client Error[39m
2026-03-07 12:55:17:5517 [31merror[39m: [31mRedis Client Error[39m
2026-03-07 12:55:19:5519 [31merror[39m: [31mRedis Client Error[39m
2026-03-07 12:55:21:5521 [31merror[39m: [31mRedis Client Error[39m
2026-03-07 12:55:23:5523 [31merror[39m: [31mRedis Client Error[39m
2026-03-07 12:55:25:5525 [31merror[39m: [31mRedis Client Error[39m
2026-03-07 12:55:27:5527 [31merror[39m: [31mRedis Client Error[39m
2026-03-07 12:55:29:5529 [31merror[39m: [31mRedis Client Error[39m
2026-03-07 12:55:32:5532 [31merror[39m: [31mRedis Client Error[39m
2026-03-07 12:55:34:5534 [31merror[39m: [31mRedis Client Error[39m
2026-03-07 12:55:36:5536 [31merror[39m: [31mRedis Client Error[39m
2026-03-07 12:55:38:5538 [31merror[39m: [31mRedis Client Error[39m
2026-03-07 12:55:40:5540 [31merror[39m: [31mRedis Client Error[39m
2026-03-07 12:55:42:5542 [31merror[39m: [31mRedis Client Error[39m
2026-03-07 12:55:44:5544 [31merror[39m: [31mRedis Client Error[39m
2026-03-07 12:55:46:5546 [31merror[39m: [31mRedis Client Error[39m
2026-03-07 12:55:49:5549 [31merror[39m: [31mRedis Client Error[39m
2026-03-07 12:55:52:5552 [31merror[39m: [31mRedis Client Error[39m
2026-03-07 12:55:54:5554 [31merror[39m: [31mRedis Client Error[39m
2026-03-07 12:55:56:5556 [31merror[39m: [31mRedis Client Error[39m
2026-03-07 12:55:58:5558 [31merror[39m: [31mRedis Client Error[39m
2026-03-07 12:56:00:560 [31merror[39m: [31mRedis Client Error[39m
2026-03-07 12:56:02:562 [31merror[39m: [31mRedis Client Error[39m
2026-03-07 12:56:04:564 [31merror[39m: [31mRedis Client Error[39m
2026-03-07 12:56:07:567 [31merror[39m: [31mRedis Client Error[39m
2026-03-07 12:56:09:569 [31merror[39m: [31mRedis Client Error[39m
2026-03-07 12:56:11:5611 [31merror[39m: [31mRedis Client Error[39m
2026-03-07 12:56:13:5613 [31merror[39m: [31mRedis Client Error[39m
2026-03-07 12:56:15:5615 [31merror[39m: [31mRedis Client Error[39m
2026-03-07 12:56:17:5617 [31merror[39m: [31mRedis Client Error[39m
2026-03-07 12:56:19:5619 [31merror[39m: [31mRedis Client Error[39m
2026-03-07 12:56:23:5623 [31merror[39m: [31mRedis Client Error[39m
2026-03-07 12:56:25:5625 [31merror[39m: [31mRedis Client Error[39m
2026-03-07 12:56:27:5627 [31merror[39m: [31mRedis Client Error[39m
2026-03-07 12:56:29:5629 [31merror[39m: [31mRedis Client Error[39m
2026-03-07 12:56:31:5631 [31merror[39m: [31mRedis Client Error[39m
2026-03-07 12:56:33:5633 [31merror[39m: [31mRedis Client Error[39m
2026-03-07 12:56:36:5636 [31merror[39m: [31mRedis Client Error[39m
2026-03-07 12:56:38:5638 [31merror[39m: [31mRedis Client Error[39m
2026-03-07 12:56:40:5640 [31merror[39m: [31mRedis Client Error[39m
2026-03-07 12:56:42:5642 [31merror[39m: [31mRedis Client Error[39m
2026-03-07 12:56:44:5644 [31merror[39m: [31mRedis Client Error[39m
2026-03-07 12:56:46:5646 [31merror[39m: [31mRedis Client Error[39m
2026-03-07 12:56:49:5649 [31merror[39m: [31mRedis Client Error[39m
2026-03-07 12:56:52:5652 [31merror[39m: [31mRedis Client Error[39m
2026-03-07 12:56:54:5654 [31merror[39m: [31mRedis Client Error[39m
2026-03-07 12:56:56:5656 [31merror[39m: [31mRedis Client Error[39m
2026-03-07 12:56:58:5658 [31merror[39m: [31mRedis Client Error[39m
2026-03-07 12:57:01:571 [31merror[39m: [31mRedis Client Error[39m
2026-03-07 12:57:03:573 [31merror[39m: [31mRedis Client Error[39m
2026-03-07 12:57:05:575 [31merror[39m: [31mRedis Client Error[39m
2026-03-07 12:57:07:577 [31merror[39m: [31mRedis Client Error[39m
2026-03-07 12:57:09:579 [31merror[39m: [31mRedis Client Error[39m
2026-03-07 12:57:11:5711 [31merror[39m: [31mRedis Client Error[39m
2026-03-07 12:57:14:5714 [31merror[39m: [31mRedis Client Error[39m
2026-03-07 12:57:17:5717 [31merror[39m: [31mRedis Client Error[39m
2026-03-07 12:57:19:5719 [31merror[39m: [31mRedis Client Error[39m
2026-03-07 12:57:22:5722 [31merror[39m: [31mRedis Client Error[39m
2026-03-07 12:57:24:5724 [31merror[39m: [31mRedis Client Error[39m
2026-03-07 12:57:27:5727 [31merror[39m: [31mRedis Client Error[39m
2026-03-07 12:57:29:5729 [31merror[39m: [31mRedis Client Error[39m
2026-03-07 12:57:31:5731 [31merror[39m: [31mRedis Client Error[39m
2026-03-07 12:57:34:5734 [31merror[39m: [31mRedis Client Error[39m
2026-03-07 12:57:36:5736 [31merror[39m: [31mRedis Client Error[39m
2026-03-07 12:57:38:5738 [31merror[39m: [31mRedis Client Error[39m
2026-03-07 12:57:40:5740 [31merror[39m: [31mRedis Client Error[39m
2026-03-07 12:57:42:5742 [31merror[39m: [31mRedis Client Error[39m
2026-03-07 12:57:45:5745 [31merror[39m: [31mRedis Client Error[39m
2026-03-07 12:57:47:5747 [31merror[39m: [31mRedis Client Error[39m
2026-03-07 12:57:49:5749 [31merror[39m: [31mRedis Client Error[39m
2026-03-07 12:57:51:5751 [31merror[39m: [31mRedis Client Error[39m
2026-03-07 12:57:54:5754 [31merror[39m: [31mRedis Client Error[39m
2026-03-07 12:57:56:5756 [31merror[39m: [31mRedis Client Error[39m
2026-03-07 12:57:58:5758 [31merror[39m: [31mRedis Client Error[39m
2026-03-07 12:58:00:580 [31merror[39m: [31mRedis Client Error[39m
2026-03-07 12:58:02:582 [31merror[39m: [31mRedis Client Error[39m
2026-03-07 12:58:04:584 [31merror[39m: [31mRedis Client Error[39m
2026-03-07 12:58:06:586 [31merror[39m: [31mRedis Client Error[39m
2026-03-07 12:58:08:588 [31merror[39m: [31mRedis Client Error[39m
2026-03-07 12:58:11:5811 [31merror[39m: [31mRedis Client Error[39m
2026-03-07 12:58:13:5813 [31merror[39m: [31mRedis Client Error[39m
2026-03-07 12:58:15:5815 [31merror[39m: [31mRedis Client Error[39m
2026-03-07 12:58:17:5817 [31merror[39m: [31mRedis Client Error[39m
2026-03-07 12:58:19:5819 [31merror[39m: [31mRedis Client Error[39m
2026-03-07 12:58:22:5822 [31merror[39m: [31mRedis Client Error[39m
2026-03-07 12:58:24:5824 [31merror[39m: [31mRedis Client Error[39m
2026-03-07 12:58:26:5826 [31merror[39m: [31mRedis Client Error[39m
2026-03-07 12:58:28:5828 [31merror[39m: [31mRedis Client Error[39m
2026-03-07 12:58:31:5831 [31merror[39m: [31mRedis Client Error[39m
2026-03-07 12:58:33:5833 [31merror[39m: [31mRedis Client Error[39m
2026-03-07 12:58:35:5835 [31merror[39m: [31mRedis Client Error[39m
2026-03-07 12:58:37:5837 [31merror[39m: [31mRedis Client Error[39m
2026-03-07 12:58:39:5839 [31merror[39m: [31mRedis Client Error[39m
2026-03-07 12:58:42:5842 [31merror[39m: [31mRedis Client Error[39m
2026-03-07 12:58:44:5844 [31merror[39m: [31mRedis Client Error[39m
2026-03-07 12:58:47:5847 [31merror[39m: [31mRedis Client Error[39m
2026-03-07 12:58:50:5850 [31merror[39m: [31mRedis Client Error[39m
2026-03-07 12:58:52:5852 [31merror[39m: [31mRedis Client Error[39m
2026-03-07 12:58:54:5854 [31merror[39m: [31mRedis Client Error[39m
2026-03-07 12:58:57:5857 [31merror[39m: [31mRedis Client Error[39m
2026-03-07 12:58:59:5859 [31merror[39m: [31mRedis Client Error[39m
2026-03-07 12:59:01:591 [31merror[39m: [31mRedis Client Error[39m
2026-03-07 12:59:03:593 [31merror[39m: [31mRedis Client Error[39m
2026-03-07 12:59:05:595 [31merror[39m: [31mRedis Client Error[39m
2026-03-07 12:59:07:597 [31merror[39m: [31mRedis Client Error[39m
2026-03-07 12:59:09:599 [31merror[39m: [31mRedis Client Error[39m
2026-03-07 12:59:12:5912 [31merror[39m: [31mRedis Client Error[39m
2026-03-07 12:59:14:5914 [31merror[39m: [31mRedis Client Error[39m
2026-03-07 12:59:16:5916 [31merror[39m: [31mRedis Client Error[39m
2026-03-07 12:59:19:5919 [31merror[39m: [31mRedis Client Error[39m
2026-03-07 12:59:26:5926 [31merror[39m: [31mRedis Client Error[39m
2026-03-07 12:59:29:5929 [31merror[39m: [31mRedis Client Error[39m
2026-03-07 12:59:31:5931 [31merror[39m: [31mRedis Client Error[39m
2026-03-07 12:59:33:5933 [31merror[39m: [31mRedis Client Error[39m
2026-03-07 12:59:35:5935 [31merror[39m: [31mRedis Client Error[39m
2026-03-07 12:59:37:5937 [31merror[39m: [31mRedis Client Error[39m
2026-03-07 12:59:40:5940 [31merror[39m: [31mRedis Client Error[39m
2026-03-07 12:59:42:5942 [31merror[39m: [31mRedis Client Error[39m
2026-03-07 12:59:44:5944 [31merror[39m: [31mRedis Client Error[39m
2026-03-07 12:59:46:5946 [31merror[39m: [31mRedis Client Error[39m
2026-03-07 12:59:49:5949 [31merror[39m: [31mRedis Client Error[39m
2026-03-07 12:59:51:5951 [31merror[39m: [31mRedis Client Error[39m
2026-03-07 12:59:53:5953 [31merror[39m: [31mRedis Client Error[39m
2026-03-07 12:59:55:5955 [31merror[39m: [31mRedis Client Error[39m
2026-03-07 12:59:57:5957 [31merror[39m: [31mRedis Client Error[39m
2026-03-07 13:00:00:00 [31merror[39m: [31mRedis Client Error[39m
2026-03-07 13:00:02:02 [31merror[39m: [31mRedis Client Error[39m
2026-03-07 13:00:04:04 [31merror[39m: [31mRedis Client Error[39m
2026-03-07 13:00:07:07 [31merror[39m: [31mRedis Client Error[39m
2026-03-07 13:00:09:09 [31merror[39m: [31mRedis Client Error[39m
2026-03-07 13:00:11:011 [31merror[39m: [31mRedis Client Error[39m
2026-03-07 13:00:13:013 [31merror[39m: [31mRedis Client Error[39m
2026-03-07 13:00:15:015 [31merror[39m: [31mRedis Client Error[39m
2026-03-07 13:00:18:018 [31merror[39m: [31mRedis Client Error[39m
2026-03-07 13:00:20:020 [31merror[39m: [31mRedis Client Error[39m
2026-03-07 13:00:22:022 [31merror[39m: [31mRedis Client Error[39m
2026-03-07 13:00:24:024 [31merror[39m: [31mRedis Client Error[39m
2026-03-07 13:00:26:026 [31merror[39m: [31mRedis Client Error[39m
2026-03-07 13:00:28:028 [31merror[39m: [31mRedis Client Error[39m
2026-03-07 13:00:30:030 [31merror[39m: [31mRedis Client Error[39m
2026-03-07 13:00:32:032 [31merror[39m: [31mRedis Client Error[39m
2026-03-07 13:00:35:035 [31merror[39m: [31mRedis Client Error[39m
2026-03-07 13:00:37:037 [31merror[39m: [31mRedis Client Error[39m
2026-03-07 13:00:39:039 [31merror[39m: [31mRedis Client Error[39m
2026-03-07 13:00:41:041 [31merror[39m: [31mRedis Client Error[39m
2026-03-07 13:00:43:043 [31merror[39m: [31mRedis Client Error[39m
2026-03-07 13:00:45:045 [31merror[39m: [31mRedis Client Error[39m
2026-03-07 13:00:47:047 [31merror[39m: [31mRedis Client Error[39m
2026-03-07 13:00:49:049 [31merror[39m: [31mRedis Client Error[39m
2026-03-07 13:00:51:051 [31merror[39m: [31mRedis Client Error[39m
2026-03-07 13:00:54:054 [31merror[39m: [31mRedis Client Error[39m
2026-03-07 13:00:56:056 [31merror[39m: [31mRedis Client Error[39m
2026-03-07 13:00:58:058 [31merror[39m: [31mRedis Client Error[39m
2026-03-07 13:01:00:10 [31merror[39m: [31mRedis Client Error[39m
2026-03-07 13:01:02:12 [31merror[39m: [31mRedis Client Error[39m
2026-03-07 13:01:04:14 [31merror[39m: [31mRedis Client Error[39m
2026-03-07 13:01:06:16 [31merror[39m: [31mRedis Client Error[39m
2026-03-07 13:01:08:18 [31merror[39m: [31mRedis Client Error[39m
2026-03-07 13:01:10:110 [31merror[39m: [31mRedis Client Error[39m
2026-03-07 13:01:13:113 [31merror[39m: [31mRedis Client Error[39m
2026-03-07 13:01:15:115 [31merror[39m: [31mRedis Client Error[39m
2026-03-07 13:01:17:117 [31merror[39m: [31mRedis Client Error[39m
2026-03-07 13:01:19:119 [31merror[39m: [31mRedis Client Error[39m
2026-03-07 13:01:21:121 [31merror[39m: [31mRedis Client Error[39m
2026-03-07 13:01:23:123 [31merror[39m: [31mRedis Client Error[39m
2026-03-07 13:01:25:125 [31merror[39m: [31mRedis Client Error[39m
2026-03-07 13:01:27:127 [31merror[39m: [31mRedis Client Error[39m
2026-03-07 13:01:29:129 [31merror[39m: [31mRedis Client Error[39m
2026-03-07 13:01:32:132 [31merror[39m: [31mRedis Client Error[39m
